

Started GET "/" for 127.0.0.1 at 2015-05-03 16:58:08 -0700

Mysql2::Error (Access denied for user 'app_dev'@'192.168.59.3' (using password: YES)):
  mysql2 (0.3.18) lib/mysql2/client.rb:70:in `connect'
  mysql2 (0.3.18) lib/mysql2/client.rb:70:in `initialize'
  activerecord (4.2.1) lib/active_record/connection_adapters/mysql2_adapter.rb:18:in `new'
  activerecord (4.2.1) lib/active_record/connection_adapters/mysql2_adapter.rb:18:in `mysql2_connection'
  activerecord (4.2.1) lib/active_record/connection_adapters/abstract/connection_pool.rb:438:in `new_connection'
  activerecord (4.2.1) lib/active_record/connection_adapters/abstract/connection_pool.rb:448:in `checkout_new_connection'
  activerecord (4.2.1) lib/active_record/connection_adapters/abstract/connection_pool.rb:422:in `acquire_connection'
  activerecord (4.2.1) lib/active_record/connection_adapters/abstract/connection_pool.rb:349:in `block in checkout'
  /Users/aronchick/.rvm/rubies/ruby-2.2.1/lib/ruby/2.2.0/monitor.rb:211:in `mon_synchronize'
  activerecord (4.2.1) lib/active_record/connection_adapters/abstract/connection_pool.rb:348:in `checkout'
  activerecord (4.2.1) lib/active_record/connection_adapters/abstract/connection_pool.rb:263:in `block in connection'
  /Users/aronchick/.rvm/rubies/ruby-2.2.1/lib/ruby/2.2.0/monitor.rb:211:in `mon_synchronize'
  activerecord (4.2.1) lib/active_record/connection_adapters/abstract/connection_pool.rb:262:in `connection'
  activerecord (4.2.1) lib/active_record/connection_adapters/abstract/connection_pool.rb:567:in `retrieve_connection'
  activerecord (4.2.1) lib/active_record/connection_handling.rb:113:in `retrieve_connection'
  activerecord (4.2.1) lib/active_record/connection_handling.rb:87:in `connection'
  activerecord (4.2.1) lib/active_record/migration.rb:384:in `connection'
  activerecord (4.2.1) lib/active_record/migration.rb:371:in `call'
  actionpack (4.2.1) lib/action_dispatch/middleware/callbacks.rb:29:in `block in call'
  activesupport (4.2.1) lib/active_support/callbacks.rb:88:in `call'
  activesupport (4.2.1) lib/active_support/callbacks.rb:88:in `_run_callbacks'
  activesupport (4.2.1) lib/active_support/callbacks.rb:776:in `_run_call_callbacks'
  activesupport (4.2.1) lib/active_support/callbacks.rb:81:in `run_callbacks'
  actionpack (4.2.1) lib/action_dispatch/middleware/callbacks.rb:27:in `call'
  actionpack (4.2.1) lib/action_dispatch/middleware/reloader.rb:73:in `call'
  actionpack (4.2.1) lib/action_dispatch/middleware/remote_ip.rb:78:in `call'
  actionpack (4.2.1) lib/action_dispatch/middleware/debug_exceptions.rb:17:in `call'
  web-console (2.1.2) lib/web_console/middleware.rb:37:in `call'
  actionpack (4.2.1) lib/action_dispatch/middleware/show_exceptions.rb:30:in `call'
  railties (4.2.1) lib/rails/rack/logger.rb:38:in `call_app'
  railties (4.2.1) lib/rails/rack/logger.rb:20:in `block in call'
  activesupport (4.2.1) lib/active_support/tagged_logging.rb:68:in `block in tagged'
  activesupport (4.2.1) lib/active_support/tagged_logging.rb:26:in `tagged'
  activesupport (4.2.1) lib/active_support/tagged_logging.rb:68:in `tagged'
  railties (4.2.1) lib/rails/rack/logger.rb:20:in `call'
  actionpack (4.2.1) lib/action_dispatch/middleware/request_id.rb:21:in `call'
  rack (1.6.0) lib/rack/methodoverride.rb:22:in `call'
  rack (1.6.0) lib/rack/runtime.rb:18:in `call'
  activesupport (4.2.1) lib/active_support/cache/strategy/local_cache_middleware.rb:28:in `call'
  rack (1.6.0) lib/rack/lock.rb:17:in `call'
  actionpack (4.2.1) lib/action_dispatch/middleware/static.rb:113:in `call'
  rack (1.6.0) lib/rack/sendfile.rb:113:in `call'
  railties (4.2.1) lib/rails/engine.rb:518:in `call'
  railties (4.2.1) lib/rails/application.rb:164:in `call'
  rack (1.6.0) lib/rack/lock.rb:17:in `call'
  rack (1.6.0) lib/rack/content_length.rb:15:in `call'
  rack (1.6.0) lib/rack/handler/webrick.rb:89:in `service'
  /Users/aronchick/.rvm/rubies/ruby-2.2.1/lib/ruby/2.2.0/webrick/httpserver.rb:138:in `service'
  /Users/aronchick/.rvm/rubies/ruby-2.2.1/lib/ruby/2.2.0/webrick/httpserver.rb:94:in `run'
  /Users/aronchick/.rvm/rubies/ruby-2.2.1/lib/ruby/2.2.0/webrick/server.rb:294:in `block in start_thread'


  Rendered /Users/aronchick/.rvm/gems/ruby-2.2.1/gems/actionpack-4.2.1/lib/action_dispatch/middleware/templates/rescues/_source.erb (3.9ms)
  Rendered /Users/aronchick/.rvm/gems/ruby-2.2.1/gems/actionpack-4.2.1/lib/action_dispatch/middleware/templates/rescues/_trace.html.erb (1.9ms)
  Rendered /Users/aronchick/.rvm/gems/ruby-2.2.1/gems/actionpack-4.2.1/lib/action_dispatch/middleware/templates/rescues/_request_and_response.html.erb (1.0ms)
  Rendered /Users/aronchick/.rvm/gems/ruby-2.2.1/gems/actionpack-4.2.1/lib/action_dispatch/middleware/templates/rescues/diagnostics.html.erb within rescues/layout (83.9ms)
  Rendered /Users/aronchick/.rvm/gems/ruby-2.2.1/gems/web-console-2.1.2/lib/web_console/templates/_markup.html.erb (0.4ms)
  Rendered /Users/aronchick/.rvm/gems/ruby-2.2.1/gems/web-console-2.1.2/lib/web_console/templates/style.css.erb within layouts/inlined_string (0.3ms)
  Rendered /Users/aronchick/.rvm/gems/ruby-2.2.1/gems/web-console-2.1.2/lib/web_console/templates/_inner_console_markup.html.erb within layouts/inlined_string (0.3ms)
  Rendered /Users/aronchick/.rvm/gems/ruby-2.2.1/gems/web-console-2.1.2/lib/web_console/templates/_prompt_box_markup.html.erb within layouts/inlined_string (0.3ms)
  Rendered /Users/aronchick/.rvm/gems/ruby-2.2.1/gems/web-console-2.1.2/lib/web_console/templates/console.js.erb within layouts/javascript (47.4ms)
  Rendered /Users/aronchick/.rvm/gems/ruby-2.2.1/gems/web-console-2.1.2/lib/web_console/templates/main.js.erb within layouts/javascript (0.4ms)
  Rendered /Users/aronchick/.rvm/gems/ruby-2.2.1/gems/web-console-2.1.2/lib/web_console/templates/error_page.js.erb within layouts/javascript (0.4ms)
  Rendered /Users/aronchick/.rvm/gems/ruby-2.2.1/gems/web-console-2.1.2/lib/web_console/templates/index.html.erb (160.7ms)
  [1m[36m (6.5ms)[0m  [1mCREATE TABLE `schema_migrations` (`version` varchar(255) NOT NULL) ENGINE=InnoDB[0m
  [1m[35m (10.9ms)[0m  CREATE UNIQUE INDEX `unique_schema_migrations`  ON `schema_migrations` (`version`) 
  [1m[36mActiveRecord::SchemaMigration Load (5.2ms)[0m  [1mSELECT `schema_migrations`.* FROM `schema_migrations`[0m
Migrating to CreateItems (20150420175322)
  [1m[35m (5.2ms)[0m  CREATE TABLE `items` (`id` int(11) auto_increment PRIMARY KEY, `name` varchar(255), `created_at` datetime NOT NULL, `updated_at` datetime NOT NULL) ENGINE=InnoDB
  [1m[36m (2.6ms)[0m  [1mBEGIN[0m
  [1m[35mSQL (3.5ms)[0m  INSERT INTO `schema_migrations` (`version`) VALUES ('20150420175322')
  [1m[36m (5.1ms)[0m  [1mCOMMIT[0m
  [1m[35mActiveRecord::SchemaMigration Load (2.6ms)[0m  SELECT `schema_migrations`.* FROM `schema_migrations`
  [1m[36m (4.3ms)[0m  [1mSELECT fk.referenced_table_name as 'to_table'
      ,fk.referenced_column_name as 'primary_key'
      ,fk.column_name as 'column'
      ,fk.constraint_name as 'name'
FROM information_schema.key_column_usage fk
WHERE fk.referenced_column_name is not null
  AND fk.table_schema = 'app_db_dev'
  AND fk.table_name = 'items'
[0m
  [1m[35m (1.7ms)[0m  SHOW CREATE TABLE `items`


Started GET "/" for 127.0.0.1 at 2015-05-03 17:00:40 -0700
  [1m[36mActiveRecord::SchemaMigration Load (4.2ms)[0m  [1mSELECT `schema_migrations`.* FROM `schema_migrations`[0m
Processing by DomainController#index as HTML
  Rendered domain/index.html.erb within layouts/application (2.0ms)
Completed 500 Internal Server Error in 562ms (ActiveRecord: 0.0ms)

ActionView::Template::Error (SyntaxError: [stdin]:8:3: reserved word 'var'):
    29:     <!-- Javascripts
    30:     ================================================== -->
    31:     <!-- Placed at the end of the document so the pages load faster -->
    32:     <%= javascript_include_tag "application" %>
    33:     <%= yield(:page_javascript) if content_for?(:page_javascript) %>
    34:   </body>
    35: </html>
  app/views/layouts/application.html.erb:32:in `_app_views_layouts_application_html_erb___2173967030961168889_70155646393480'


  Rendered /Users/aronchick/.rvm/gems/ruby-2.2.1/gems/actionpack-4.2.1/lib/action_dispatch/middleware/templates/rescues/_source.erb (6.5ms)
  Rendered /Users/aronchick/.rvm/gems/ruby-2.2.1/gems/actionpack-4.2.1/lib/action_dispatch/middleware/templates/rescues/_trace.html.erb (2.6ms)
  Rendered /Users/aronchick/.rvm/gems/ruby-2.2.1/gems/actionpack-4.2.1/lib/action_dispatch/middleware/templates/rescues/_request_and_response.html.erb (0.8ms)
  Rendered /Users/aronchick/.rvm/gems/ruby-2.2.1/gems/actionpack-4.2.1/lib/action_dispatch/middleware/templates/rescues/template_error.html.erb within rescues/layout (53.1ms)
  Rendered /Users/aronchick/.rvm/gems/ruby-2.2.1/gems/web-console-2.1.2/lib/web_console/templates/_markup.html.erb (0.4ms)
  Rendered /Users/aronchick/.rvm/gems/ruby-2.2.1/gems/web-console-2.1.2/lib/web_console/templates/style.css.erb within layouts/inlined_string (0.4ms)
  Rendered /Users/aronchick/.rvm/gems/ruby-2.2.1/gems/web-console-2.1.2/lib/web_console/templates/_inner_console_markup.html.erb within layouts/inlined_string (0.3ms)
  Rendered /Users/aronchick/.rvm/gems/ruby-2.2.1/gems/web-console-2.1.2/lib/web_console/templates/_prompt_box_markup.html.erb within layouts/inlined_string (0.3ms)
  Rendered /Users/aronchick/.rvm/gems/ruby-2.2.1/gems/web-console-2.1.2/lib/web_console/templates/console.js.erb within layouts/javascript (42.6ms)
  Rendered /Users/aronchick/.rvm/gems/ruby-2.2.1/gems/web-console-2.1.2/lib/web_console/templates/main.js.erb within layouts/javascript (0.3ms)
  Rendered /Users/aronchick/.rvm/gems/ruby-2.2.1/gems/web-console-2.1.2/lib/web_console/templates/error_page.js.erb within layouts/javascript (0.3ms)
  Rendered /Users/aronchick/.rvm/gems/ruby-2.2.1/gems/web-console-2.1.2/lib/web_console/templates/index.html.erb (104.0ms)


Started GET "/" for 127.0.0.1 at 2015-05-03 17:00:59 -0700
Processing by DomainController#index as HTML
  Rendered domain/index.html.erb within layouts/application (2.4ms)
Completed 200 OK in 415ms (Views: 411.5ms | ActiveRecord: 0.0ms)


Started GET "/assets/paper/loader.self-1eed419a060917e63870baccb2b182a6e170a930df8c8bee6e3e2126bc275077.css?body=1" for 127.0.0.1 at 2015-05-03 17:00:59 -0700


Started GET "/assets/twitter/bootstrap/transition.self-4a1f74ae1eb650ba5604877b0dc8fece7e2dc7ff2c15126f50d8cc09d5c59542.js?body=1" for 127.0.0.1 at 2015-05-03 17:01:00 -0700


Started GET "/assets/paper/bootswatch.self-daf6f6fa4969a329dd94807962d2d79ab27013d731bb88e1c8554fc47f997ca6.css?body=1" for 127.0.0.1 at 2015-05-03 17:01:00 -0700


Started GET "/assets/application.self-57016261d3e9f6c436db25104f8e2750e9952a84a41d6b484b5697d000a83a9e.css?body=1" for 127.0.0.1 at 2015-05-03 17:01:00 -0700


Started GET "/assets/jquery_ujs.self-8e98a7a072a6cee1372d19fff9ff3e6aa1e39a37d89d6f06861637d061113ee7.js?body=1" for 127.0.0.1 at 2015-05-03 17:01:00 -0700


Started GET "/assets/jquery.self-d03a5518f45df77341bdbe6201ba3bfa547ebba8ed64f0ea56bfa5f96ea7c074.js?body=1" for 127.0.0.1 at 2015-05-03 17:01:00 -0700


Started GET "/assets/twitter/bootstrap/button.self-08ab85a1ab1fd1ca6c1801262e756fbb4df937261850c5d10c8bb8f109d30ba3.js?body=1" for 127.0.0.1 at 2015-05-03 17:01:00 -0700


Started GET "/assets/twitter/bootstrap/carousel.self-2b35b2f587541efae0276cfbae37f02da45a910c57ca8338ce3f4e1e897fa01e.js?body=1" for 127.0.0.1 at 2015-05-03 17:01:00 -0700


Started GET "/assets/twitter/bootstrap/alert.self-05b660026c9cc48ed9a736c17cf016c88fb5d9b039d39112ca5e2a5758c1704b.js?body=1" for 127.0.0.1 at 2015-05-03 17:01:00 -0700


Started GET "/assets/twitter/bootstrap/collapse.self-b9dda8079e1384b270b442fdddfe30a4ccfa71f9531e821bbad10da44cc8e677.js?body=1" for 127.0.0.1 at 2015-05-03 17:01:00 -0700


Started GET "/assets/twitter/bootstrap/dropdown.self-6cbc06f31a68783970dc715fcb0b7daa4730fd0c3345c314b9544f301458ac3e.js?body=1" for 127.0.0.1 at 2015-05-03 17:01:00 -0700


Started GET "/assets/twitter/bootstrap/modal.self-e85eb6cc52baa4c73c1e86b83c7c3e9dda5c7d22d43274aa94af4a3c205b6c41.js?body=1" for 127.0.0.1 at 2015-05-03 17:01:00 -0700


Started GET "/assets/twitter/bootstrap/tooltip.self-ff71206d3394ca08f525a6df3b80bed71fd1574eb97314b90890f783931d4283.js?body=1" for 127.0.0.1 at 2015-05-03 17:01:00 -0700


Started GET "/assets/twitter/bootstrap/popover.self-cc7cd7c5956019e69d25658178e5709bdee8a13cf38e49ab46c83b50f86e49e1.js?body=1" for 127.0.0.1 at 2015-05-03 17:01:00 -0700


Started GET "/assets/twitter/bootstrap/affix.self-e6330f082db3cc6476f32deb6d8ac23b2661a9118e5247dad9021bafb9be7564.js?body=1" for 127.0.0.1 at 2015-05-03 17:01:00 -0700


Started GET "/assets/twitter/bootstrap/scrollspy.self-0d847f2b4a4db9d75c0f094d571b56370ae3d98876d5417e1d175353377c0123.js?body=1" for 127.0.0.1 at 2015-05-03 17:01:00 -0700


Started GET "/assets/paper/bootswatch.self-23d1421f8b804379c2b12b1331447ce510eda4490792e6629e4a4c2467527efc.js?body=1" for 127.0.0.1 at 2015-05-03 17:01:00 -0700


Started GET "/assets/twitter/bootstrap/tab.self-1551f74624307ddd7471d08e644f686ecfd5420cd8862e1b816fd184dc6fc3b4.js?body=1" for 127.0.0.1 at 2015-05-03 17:01:00 -0700


Started GET "/assets/paper/loader.self-17e5ca88421d0d6892502a23259dd1a84fbc9b9033f0881c7c967c35b4df5e5c.js?body=1" for 127.0.0.1 at 2015-05-03 17:01:00 -0700


Started GET "/assets/global.self-36a0ccf8ce96e4a756bb3ae8d52b0ab8c776642097214ef98e088e7dcb77a2d8.js?body=1" for 127.0.0.1 at 2015-05-03 17:01:00 -0700


Started GET "/assets/turbolinks.self-c37727e9bd6b2735da5c311aa83fead54ed0be6cc8bd9a65309e9c5abe2cbfff.js?body=1" for 127.0.0.1 at 2015-05-03 17:01:00 -0700


Started GET "/assets/application.self-7d7f4b4a5f84651d2fd3f3ac968ecfb82b7c76d48a8d98b4e2eddf2201f850b7.js?body=1" for 127.0.0.1 at 2015-05-03 17:01:00 -0700


Started GET "/todos" for 127.0.0.1 at 2015-05-03 17:01:02 -0700
Processing by TodosController#index as HTML
  [1m[35mItem Load (6.2ms)[0m  SELECT `items`.* FROM `items`
  Rendered todos/index.html.erb within layouts/application (45.1ms)
Completed 200 OK in 262ms (Views: 239.6ms | ActiveRecord: 19.6ms)


Started POST "/todos.js" for 127.0.0.1 at 2015-05-03 17:01:06 -0700
Processing by TodosController#create as JS
  Parameters: {"utf8"=>"✓", "authenticity_token"=>"kWcHpL4AclV50VSdDPfK5eWHQ9bvDGxRuMzizM3eMZG+KaFasxIA3z/5ruxPCv8drujJt8tDr4in5c2wnuUwWg==", "item"=>{"name"=>"aoeuaoeueu"}, "commit"=>"Add"}
  [1m[36m (3.4ms)[0m  [1mBEGIN[0m
  [1m[35mSQL (2.5ms)[0m  INSERT INTO `items` (`name`, `created_at`, `updated_at`) VALUES ('aoeuaoeueu', '2015-05-04 00:01:06', '2015-05-04 00:01:06')
  [1m[36m (4.7ms)[0m  [1mCOMMIT[0m
  Rendered todos/_item.html.erb (1.0ms)
  Rendered todos/create.js.erb (3.7ms)
Completed 200 OK in 27ms (Views: 13.1ms | ActiveRecord: 10.6ms)


Started POST "/todos.js" for 127.0.0.1 at 2015-05-03 17:01:06 -0700
Processing by TodosController#create as JS
  Parameters: {"utf8"=>"✓", "authenticity_token"=>"kWcHpL4AclV50VSdDPfK5eWHQ9bvDGxRuMzizM3eMZG+KaFasxIA3z/5ruxPCv8drujJt8tDr4in5c2wnuUwWg==", "item"=>{"name"=>"aoeuaoeueu"}, "commit"=>"Add"}
  [1m[35m (0.8ms)[0m  BEGIN
  [1m[36mSQL (5.3ms)[0m  [1mINSERT INTO `items` (`name`, `created_at`, `updated_at`) VALUES ('aoeuaoeueu', '2015-05-04 00:01:06', '2015-05-04 00:01:06')[0m
  [1m[35m (4.3ms)[0m  COMMIT
  Rendered todos/_item.html.erb (0.2ms)
  Rendered todos/create.js.erb (2.1ms)
Completed 200 OK in 24ms (Views: 10.8ms | ActiveRecord: 10.4ms)


Started POST "/todos.js" for 127.0.0.1 at 2015-05-03 17:01:09 -0700
Processing by TodosController#create as JS
  Parameters: {"utf8"=>"✓", "authenticity_token"=>"kWcHpL4AclV50VSdDPfK5eWHQ9bvDGxRuMzizM3eMZG+KaFasxIA3z/5ruxPCv8drujJt8tDr4in5c2wnuUwWg==", "item"=>{"name"=>"noatehuantoehu"}, "commit"=>"Add"}
  [1m[36m (3.7ms)[0m  [1mBEGIN[0m
  [1m[35mSQL (3.6ms)[0m  INSERT INTO `items` (`name`, `created_at`, `updated_at`) VALUES ('noatehuantoehu', '2015-05-04 00:01:09', '2015-05-04 00:01:09')
  [1m[36m (1.5ms)[0m  [1mCOMMIT[0m
  Rendered todos/_item.html.erb (0.2ms)
  Rendered todos/create.js.erb (2.1ms)
Completed 200 OK in 21ms (Views: 10.4ms | ActiveRecord: 8.7ms)


Started POST "/todos.js" for 127.0.0.1 at 2015-05-03 17:01:09 -0700
Processing by TodosController#create as JS
  Parameters: {"utf8"=>"✓", "authenticity_token"=>"kWcHpL4AclV50VSdDPfK5eWHQ9bvDGxRuMzizM3eMZG+KaFasxIA3z/5ruxPCv8drujJt8tDr4in5c2wnuUwWg==", "item"=>{"name"=>"noatehuantoehu"}, "commit"=>"Add"}
  [1m[35m (3.2ms)[0m  BEGIN
  [1m[36mSQL (4.9ms)[0m  [1mINSERT INTO `items` (`name`, `created_at`, `updated_at`) VALUES ('noatehuantoehu', '2015-05-04 00:01:09', '2015-05-04 00:01:09')[0m
  [1m[35m (4.3ms)[0m  COMMIT
  Rendered todos/_item.html.erb (0.6ms)
  Rendered todos/create.js.erb (3.5ms)
Completed 200 OK in 26ms (Views: 11.7ms | ActiveRecord: 12.4ms)


Started POST "/todos.js" for 127.0.0.1 at 2015-05-03 17:01:11 -0700
Processing by TodosController#create as JS
  Parameters: {"utf8"=>"✓", "authenticity_token"=>"kWcHpL4AclV50VSdDPfK5eWHQ9bvDGxRuMzizM3eMZG+KaFasxIA3z/5ruxPCv8drujJt8tDr4in5c2wnuUwWg==", "item"=>{"name"=>"anoetuasnotehunsaeu"}, "commit"=>"Add"}
  [1m[36m (1.1ms)[0m  [1mBEGIN[0m
  [1m[35mSQL (5.3ms)[0m  INSERT INTO `items` (`name`, `created_at`, `updated_at`) VALUES ('anoetuasnotehunsaeu', '2015-05-04 00:01:11', '2015-05-04 00:01:11')
  [1m[36m (3.7ms)[0m  [1mCOMMIT[0m
  Rendered todos/_item.html.erb (0.2ms)
  Rendered todos/create.js.erb (2.2ms)
Completed 200 OK in 24ms (Views: 12.1ms | ActiveRecord: 10.0ms)


Started POST "/todos.js" for 127.0.0.1 at 2015-05-03 17:01:11 -0700
Processing by TodosController#create as JS
  Parameters: {"utf8"=>"✓", "authenticity_token"=>"kWcHpL4AclV50VSdDPfK5eWHQ9bvDGxRuMzizM3eMZG+KaFasxIA3z/5ruxPCv8drujJt8tDr4in5c2wnuUwWg==", "item"=>{"name"=>"anoetuasnotehunsaeu"}, "commit"=>"Add"}
  [1m[35m (2.0ms)[0m  BEGIN
  [1m[36mSQL (1.5ms)[0m  [1mINSERT INTO `items` (`name`, `created_at`, `updated_at`) VALUES ('anoetuasnotehunsaeu', '2015-05-04 00:01:11', '2015-05-04 00:01:11')[0m
  [1m[35m (4.0ms)[0m  COMMIT
  Rendered todos/_item.html.erb (0.3ms)
  Rendered todos/create.js.erb (6.1ms)
Completed 200 OK in 24ms (Views: 15.3ms | ActiveRecord: 7.5ms)


Started GET "/todos" for 127.0.0.1 at 2015-05-03 17:02:17 -0700
Processing by TodosController#index as HTML
  [1m[36mItem Load (3.6ms)[0m  [1mSELECT `items`.* FROM `items`[0m
  Rendered todos/_item.html.erb (3.0ms)
  Rendered todos/_item.html.erb (0.2ms)
  Rendered todos/_item.html.erb (0.1ms)
  Rendered todos/_item.html.erb (0.1ms)
  Rendered todos/_item.html.erb (0.3ms)
  Rendered todos/_item.html.erb (0.2ms)
  Rendered todos/index.html.erb within layouts/application (33.4ms)
Completed 500 Internal Server Error in 332ms (ActiveRecord: 3.6ms)

ActionView::Template::Error (SyntaxError: [stdin]:4:3: unexpected //):
    29:     <!-- Javascripts
    30:     ================================================== -->
    31:     <!-- Placed at the end of the document so the pages load faster -->
    32:     <%= javascript_include_tag "application" %>
    33:     <%= yield(:page_javascript) if content_for?(:page_javascript) %>
    34:   </body>
    35: </html>
  app/views/layouts/application.html.erb:32:in `_app_views_layouts_application_html_erb___2173967030961168889_70155646393480'


  Rendered /Users/aronchick/.rvm/gems/ruby-2.2.1/gems/actionpack-4.2.1/lib/action_dispatch/middleware/templates/rescues/_source.erb (7.2ms)
  Rendered /Users/aronchick/.rvm/gems/ruby-2.2.1/gems/actionpack-4.2.1/lib/action_dispatch/middleware/templates/rescues/_trace.html.erb (3.2ms)
  Rendered /Users/aronchick/.rvm/gems/ruby-2.2.1/gems/actionpack-4.2.1/lib/action_dispatch/middleware/templates/rescues/_request_and_response.html.erb (1.2ms)
  Rendered /Users/aronchick/.rvm/gems/ruby-2.2.1/gems/actionpack-4.2.1/lib/action_dispatch/middleware/templates/rescues/template_error.html.erb within rescues/layout (56.0ms)
  Rendered /Users/aronchick/.rvm/gems/ruby-2.2.1/gems/web-console-2.1.2/lib/web_console/templates/_markup.html.erb (0.4ms)
  Rendered /Users/aronchick/.rvm/gems/ruby-2.2.1/gems/web-console-2.1.2/lib/web_console/templates/style.css.erb within layouts/inlined_string (0.3ms)
  Rendered /Users/aronchick/.rvm/gems/ruby-2.2.1/gems/web-console-2.1.2/lib/web_console/templates/_inner_console_markup.html.erb within layouts/inlined_string (0.3ms)
  Rendered /Users/aronchick/.rvm/gems/ruby-2.2.1/gems/web-console-2.1.2/lib/web_console/templates/_prompt_box_markup.html.erb within layouts/inlined_string (0.2ms)
  Rendered /Users/aronchick/.rvm/gems/ruby-2.2.1/gems/web-console-2.1.2/lib/web_console/templates/console.js.erb within layouts/javascript (41.7ms)
  Rendered /Users/aronchick/.rvm/gems/ruby-2.2.1/gems/web-console-2.1.2/lib/web_console/templates/main.js.erb within layouts/javascript (0.2ms)
  Rendered /Users/aronchick/.rvm/gems/ruby-2.2.1/gems/web-console-2.1.2/lib/web_console/templates/error_page.js.erb within layouts/javascript (0.4ms)
  Rendered /Users/aronchick/.rvm/gems/ruby-2.2.1/gems/web-console-2.1.2/lib/web_console/templates/index.html.erb (92.8ms)


Started GET "/todos" for 127.0.0.1 at 2015-05-03 17:02:27 -0700
Processing by TodosController#index as HTML
  [1m[35mItem Load (4.7ms)[0m  SELECT `items`.* FROM `items`
  Rendered todos/_item.html.erb (2.0ms)
  Rendered todos/_item.html.erb (0.2ms)
  Rendered todos/_item.html.erb (0.2ms)
  Rendered todos/_item.html.erb (0.2ms)
  Rendered todos/_item.html.erb (0.2ms)
  Rendered todos/_item.html.erb (0.3ms)
  Rendered todos/index.html.erb within layouts/application (27.8ms)
Completed 200 OK in 369ms (Views: 358.3ms | ActiveRecord: 4.7ms)


Started GET "/assets/paper/loader.self-1eed419a060917e63870baccb2b182a6e170a930df8c8bee6e3e2126bc275077.css?body=1" for 127.0.0.1 at 2015-05-03 17:02:27 -0700


Started GET "/assets/jquery_ujs.self-8e98a7a072a6cee1372d19fff9ff3e6aa1e39a37d89d6f06861637d061113ee7.js?body=1" for 127.0.0.1 at 2015-05-03 17:02:27 -0700


Started GET "/assets/application.self-57016261d3e9f6c436db25104f8e2750e9952a84a41d6b484b5697d000a83a9e.css?body=1" for 127.0.0.1 at 2015-05-03 17:02:27 -0700


Started GET "/assets/paper/bootswatch.self-daf6f6fa4969a329dd94807962d2d79ab27013d731bb88e1c8554fc47f997ca6.css?body=1" for 127.0.0.1 at 2015-05-03 17:02:27 -0700


Started GET "/assets/jquery.self-d03a5518f45df77341bdbe6201ba3bfa547ebba8ed64f0ea56bfa5f96ea7c074.js?body=1" for 127.0.0.1 at 2015-05-03 17:02:27 -0700


Started GET "/assets/twitter/bootstrap/transition.self-4a1f74ae1eb650ba5604877b0dc8fece7e2dc7ff2c15126f50d8cc09d5c59542.js?body=1" for 127.0.0.1 at 2015-05-03 17:02:27 -0700


Started GET "/assets/twitter/bootstrap/alert.self-05b660026c9cc48ed9a736c17cf016c88fb5d9b039d39112ca5e2a5758c1704b.js?body=1" for 127.0.0.1 at 2015-05-03 17:02:27 -0700


Started GET "/assets/twitter/bootstrap/button.self-08ab85a1ab1fd1ca6c1801262e756fbb4df937261850c5d10c8bb8f109d30ba3.js?body=1" for 127.0.0.1 at 2015-05-03 17:02:27 -0700


Started GET "/assets/twitter/bootstrap/carousel.self-2b35b2f587541efae0276cfbae37f02da45a910c57ca8338ce3f4e1e897fa01e.js?body=1" for 127.0.0.1 at 2015-05-03 17:02:27 -0700


Started GET "/assets/twitter/bootstrap/collapse.self-b9dda8079e1384b270b442fdddfe30a4ccfa71f9531e821bbad10da44cc8e677.js?body=1" for 127.0.0.1 at 2015-05-03 17:02:27 -0700


Started GET "/assets/twitter/bootstrap/dropdown.self-6cbc06f31a68783970dc715fcb0b7daa4730fd0c3345c314b9544f301458ac3e.js?body=1" for 127.0.0.1 at 2015-05-03 17:02:28 -0700


Started GET "/assets/twitter/bootstrap/modal.self-e85eb6cc52baa4c73c1e86b83c7c3e9dda5c7d22d43274aa94af4a3c205b6c41.js?body=1" for 127.0.0.1 at 2015-05-03 17:02:28 -0700


Started GET "/assets/twitter/bootstrap/popover.self-cc7cd7c5956019e69d25658178e5709bdee8a13cf38e49ab46c83b50f86e49e1.js?body=1" for 127.0.0.1 at 2015-05-03 17:02:28 -0700


Started GET "/assets/twitter/bootstrap/scrollspy.self-0d847f2b4a4db9d75c0f094d571b56370ae3d98876d5417e1d175353377c0123.js?body=1" for 127.0.0.1 at 2015-05-03 17:02:28 -0700


Started GET "/assets/twitter/bootstrap/tooltip.self-ff71206d3394ca08f525a6df3b80bed71fd1574eb97314b90890f783931d4283.js?body=1" for 127.0.0.1 at 2015-05-03 17:02:28 -0700


Started GET "/assets/twitter/bootstrap/tab.self-1551f74624307ddd7471d08e644f686ecfd5420cd8862e1b816fd184dc6fc3b4.js?body=1" for 127.0.0.1 at 2015-05-03 17:02:28 -0700


Started GET "/assets/twitter/bootstrap/affix.self-e6330f082db3cc6476f32deb6d8ac23b2661a9118e5247dad9021bafb9be7564.js?body=1" for 127.0.0.1 at 2015-05-03 17:02:28 -0700


Started GET "/assets/paper/loader.self-17e5ca88421d0d6892502a23259dd1a84fbc9b9033f0881c7c967c35b4df5e5c.js?body=1" for 127.0.0.1 at 2015-05-03 17:02:28 -0700


Started GET "/assets/paper/bootswatch.self-23d1421f8b804379c2b12b1331447ce510eda4490792e6629e4a4c2467527efc.js?body=1" for 127.0.0.1 at 2015-05-03 17:02:28 -0700


Started GET "/assets/turbolinks.self-c37727e9bd6b2735da5c311aa83fead54ed0be6cc8bd9a65309e9c5abe2cbfff.js?body=1" for 127.0.0.1 at 2015-05-03 17:02:28 -0700


Started GET "/assets/global.self-566d4e7d20a34cc259b00f05827fdf82fa5bd0fd9725eed0d0dc1d0c7561187e.js?body=1" for 127.0.0.1 at 2015-05-03 17:02:28 -0700


Started GET "/assets/application.self-7d7f4b4a5f84651d2fd3f3ac968ecfb82b7c76d48a8d98b4e2eddf2201f850b7.js?body=1" for 127.0.0.1 at 2015-05-03 17:02:28 -0700


Started DELETE "/todos/6" for 127.0.0.1 at 2015-05-03 17:02:30 -0700
Processing by TodosController#destroy as JS
  Parameters: {"id"=>"6"}
  [1m[36mItem Load (5.5ms)[0m  [1mSELECT  `items`.* FROM `items` WHERE `items`.`id` = 6 LIMIT 1[0m
  [1m[35m (3.9ms)[0m  BEGIN
  [1m[36mSQL (4.1ms)[0m  [1mDELETE FROM `items` WHERE `items`.`id` = 6[0m
  [1m[35m (4.6ms)[0m  COMMIT
  Rendered todos/destroy.js.erb (1.3ms)
Completed 200 OK in 54ms (Views: 10.8ms | ActiveRecord: 18.1ms)


Started DELETE "/todos/5" for 127.0.0.1 at 2015-05-03 17:02:31 -0700
Processing by TodosController#destroy as JS
  Parameters: {"id"=>"5"}
  [1m[36mItem Load (0.9ms)[0m  [1mSELECT  `items`.* FROM `items` WHERE `items`.`id` = 5 LIMIT 1[0m
  [1m[35m (6.2ms)[0m  BEGIN
  [1m[36mSQL (8.6ms)[0m  [1mDELETE FROM `items` WHERE `items`.`id` = 5[0m
  [1m[35m (4.2ms)[0m  COMMIT
  Rendered todos/destroy.js.erb (0.0ms)
Completed 200 OK in 31ms (Views: 8.8ms | ActiveRecord: 19.9ms)


Started POST "/todos.js" for 127.0.0.1 at 2015-05-03 17:02:33 -0700
Processing by TodosController#create as JS
  Parameters: {"utf8"=>"✓", "authenticity_token"=>"Q8IFi0Iil2hFtutW3gxtGxZBzowG0/cFzLYUXcZGP5xsjKN1TzDl4gOeESed8VjjXS5E7SKcNNzTnzshlX0+Vw==", "item"=>{"name"=>"aoeuaoeuaoeu"}, "commit"=>"Add"}
  [1m[36m (3.8ms)[0m  [1mBEGIN[0m
  [1m[35mSQL (1.5ms)[0m  INSERT INTO `items` (`name`, `created_at`, `updated_at`) VALUES ('aoeuaoeuaoeu', '2015-05-04 00:02:33', '2015-05-04 00:02:33')
  [1m[36m (1.5ms)[0m  [1mCOMMIT[0m
  Rendered todos/_item.html.erb (0.3ms)
  Rendered todos/create.js.erb (2.1ms)
Completed 200 OK in 20ms (Views: 10.2ms | ActiveRecord: 6.8ms)


Started POST "/todos.js" for 127.0.0.1 at 2015-05-03 17:02:37 -0700
Processing by TodosController#create as JS
  Parameters: {"utf8"=>"✓", "authenticity_token"=>"Q8IFi0Iil2hFtutW3gxtGxZBzowG0/cFzLYUXcZGP5xsjKN1TzDl4gOeESed8VjjXS5E7SKcNNzTnzshlX0+Vw==", "item"=>{"name"=>"aoeuaoeuaoe"}, "commit"=>"Add"}
  [1m[35m (2.5ms)[0m  BEGIN
  [1m[36mSQL (5.2ms)[0m  [1mINSERT INTO `items` (`name`, `created_at`, `updated_at`) VALUES ('aoeuaoeuaoe', '2015-05-04 00:02:37', '2015-05-04 00:02:37')[0m
  [1m[35m (4.3ms)[0m  COMMIT
  Rendered todos/_item.html.erb (0.3ms)
  Rendered todos/create.js.erb (2.4ms)
Completed 200 OK in 27ms (Views: 12.8ms | ActiveRecord: 12.0ms)


Started DELETE "/todos/3" for 127.0.0.1 at 2015-05-03 17:02:38 -0700
Processing by TodosController#destroy as JS
  Parameters: {"id"=>"3"}
  [1m[36mItem Load (5.0ms)[0m  [1mSELECT  `items`.* FROM `items` WHERE `items`.`id` = 3 LIMIT 1[0m
  [1m[35m (4.0ms)[0m  BEGIN
  [1m[36mSQL (5.9ms)[0m  [1mDELETE FROM `items` WHERE `items`.`id` = 3[0m
  [1m[35m (8.2ms)[0m  COMMIT
  Rendered todos/destroy.js.erb (0.1ms)
Completed 200 OK in 35ms (Views: 9.8ms | ActiveRecord: 23.1ms)


Started DELETE "/todos/2" for 127.0.0.1 at 2015-05-03 17:02:39 -0700
Processing by TodosController#destroy as JS
  Parameters: {"id"=>"2"}
  [1m[36mItem Load (3.3ms)[0m  [1mSELECT  `items`.* FROM `items` WHERE `items`.`id` = 2 LIMIT 1[0m
  [1m[35m (3.6ms)[0m  BEGIN
  [1m[36mSQL (5.2ms)[0m  [1mDELETE FROM `items` WHERE `items`.`id` = 2[0m
  [1m[35m (4.1ms)[0m  COMMIT
  Rendered todos/destroy.js.erb (0.0ms)
Completed 200 OK in 27ms (Views: 8.2ms | ActiveRecord: 16.2ms)


Started DELETE "/todos/1" for 127.0.0.1 at 2015-05-03 17:02:39 -0700
Processing by TodosController#destroy as JS
  Parameters: {"id"=>"1"}
  [1m[36mItem Load (6.2ms)[0m  [1mSELECT  `items`.* FROM `items` WHERE `items`.`id` = 1 LIMIT 1[0m
  [1m[35m (4.1ms)[0m  BEGIN
  [1m[36mSQL (1.6ms)[0m  [1mDELETE FROM `items` WHERE `items`.`id` = 1[0m
  [1m[35m (2.6ms)[0m  COMMIT
  Rendered todos/destroy.js.erb (0.0ms)
Completed 200 OK in 26ms (Views: 8.0ms | ActiveRecord: 14.6ms)


Started GET "/todos" for 127.0.0.1 at 2015-05-03 17:02:41 -0700
Processing by TodosController#index as HTML
  [1m[36mItem Load (3.2ms)[0m  [1mSELECT `items`.* FROM `items`[0m
  Rendered todos/_item.html.erb (0.2ms)
  Rendered todos/_item.html.erb (0.7ms)
  Rendered todos/_item.html.erb (0.1ms)
  Rendered todos/index.html.erb within layouts/application (10.2ms)
Completed 200 OK in 473ms (Views: 468.9ms | ActiveRecord: 3.2ms)


Started GET "/assets/application.self-57016261d3e9f6c436db25104f8e2750e9952a84a41d6b484b5697d000a83a9e.css?body=1" for 127.0.0.1 at 2015-05-03 17:02:41 -0700


Started GET "/assets/paper/loader.self-1eed419a060917e63870baccb2b182a6e170a930df8c8bee6e3e2126bc275077.css?body=1" for 127.0.0.1 at 2015-05-03 17:02:41 -0700


Started GET "/assets/paper/bootswatch.self-daf6f6fa4969a329dd94807962d2d79ab27013d731bb88e1c8554fc47f997ca6.css?body=1" for 127.0.0.1 at 2015-05-03 17:02:41 -0700


Started GET "/assets/jquery.self-d03a5518f45df77341bdbe6201ba3bfa547ebba8ed64f0ea56bfa5f96ea7c074.js?body=1" for 127.0.0.1 at 2015-05-03 17:02:41 -0700


Started GET "/assets/jquery_ujs.self-8e98a7a072a6cee1372d19fff9ff3e6aa1e39a37d89d6f06861637d061113ee7.js?body=1" for 127.0.0.1 at 2015-05-03 17:02:41 -0700


Started GET "/assets/twitter/bootstrap/transition.self-4a1f74ae1eb650ba5604877b0dc8fece7e2dc7ff2c15126f50d8cc09d5c59542.js?body=1" for 127.0.0.1 at 2015-05-03 17:02:41 -0700


Started GET "/assets/twitter/bootstrap/alert.self-05b660026c9cc48ed9a736c17cf016c88fb5d9b039d39112ca5e2a5758c1704b.js?body=1" for 127.0.0.1 at 2015-05-03 17:02:41 -0700


Started GET "/assets/twitter/bootstrap/button.self-08ab85a1ab1fd1ca6c1801262e756fbb4df937261850c5d10c8bb8f109d30ba3.js?body=1" for 127.0.0.1 at 2015-05-03 17:02:41 -0700


Started GET "/assets/twitter/bootstrap/carousel.self-2b35b2f587541efae0276cfbae37f02da45a910c57ca8338ce3f4e1e897fa01e.js?body=1" for 127.0.0.1 at 2015-05-03 17:02:41 -0700


Started GET "/assets/twitter/bootstrap/collapse.self-b9dda8079e1384b270b442fdddfe30a4ccfa71f9531e821bbad10da44cc8e677.js?body=1" for 127.0.0.1 at 2015-05-03 17:02:41 -0700


Started GET "/assets/twitter/bootstrap/dropdown.self-6cbc06f31a68783970dc715fcb0b7daa4730fd0c3345c314b9544f301458ac3e.js?body=1" for 127.0.0.1 at 2015-05-03 17:02:41 -0700


Started GET "/assets/twitter/bootstrap/modal.self-e85eb6cc52baa4c73c1e86b83c7c3e9dda5c7d22d43274aa94af4a3c205b6c41.js?body=1" for 127.0.0.1 at 2015-05-03 17:02:41 -0700


Started GET "/assets/twitter/bootstrap/tooltip.self-ff71206d3394ca08f525a6df3b80bed71fd1574eb97314b90890f783931d4283.js?body=1" for 127.0.0.1 at 2015-05-03 17:02:41 -0700


Started GET "/assets/twitter/bootstrap/popover.self-cc7cd7c5956019e69d25658178e5709bdee8a13cf38e49ab46c83b50f86e49e1.js?body=1" for 127.0.0.1 at 2015-05-03 17:02:41 -0700


Started GET "/assets/twitter/bootstrap/scrollspy.self-0d847f2b4a4db9d75c0f094d571b56370ae3d98876d5417e1d175353377c0123.js?body=1" for 127.0.0.1 at 2015-05-03 17:02:41 -0700


Started GET "/assets/twitter/bootstrap/tab.self-1551f74624307ddd7471d08e644f686ecfd5420cd8862e1b816fd184dc6fc3b4.js?body=1" for 127.0.0.1 at 2015-05-03 17:02:41 -0700


Started GET "/assets/twitter/bootstrap/affix.self-e6330f082db3cc6476f32deb6d8ac23b2661a9118e5247dad9021bafb9be7564.js?body=1" for 127.0.0.1 at 2015-05-03 17:02:41 -0700


Started GET "/assets/paper/loader.self-17e5ca88421d0d6892502a23259dd1a84fbc9b9033f0881c7c967c35b4df5e5c.js?body=1" for 127.0.0.1 at 2015-05-03 17:02:42 -0700


Started GET "/assets/paper/bootswatch.self-23d1421f8b804379c2b12b1331447ce510eda4490792e6629e4a4c2467527efc.js?body=1" for 127.0.0.1 at 2015-05-03 17:02:42 -0700


Started GET "/assets/turbolinks.self-c37727e9bd6b2735da5c311aa83fead54ed0be6cc8bd9a65309e9c5abe2cbfff.js?body=1" for 127.0.0.1 at 2015-05-03 17:02:42 -0700


Started GET "/assets/global.self-566d4e7d20a34cc259b00f05827fdf82fa5bd0fd9725eed0d0dc1d0c7561187e.js?body=1" for 127.0.0.1 at 2015-05-03 17:02:42 -0700


Started GET "/assets/application.self-7d7f4b4a5f84651d2fd3f3ac968ecfb82b7c76d48a8d98b4e2eddf2201f850b7.js?body=1" for 127.0.0.1 at 2015-05-03 17:02:42 -0700


Started GET "/todos" for 127.0.0.1 at 2015-05-03 17:04:28 -0700
Processing by TodosController#index as HTML
  [1m[35mItem Load (5.4ms)[0m  SELECT `items`.* FROM `items`
  Rendered todos/_item.html.erb (3.0ms)
  Rendered todos/_item.html.erb (0.1ms)
  Rendered todos/_item.html.erb (0.2ms)
  Rendered todos/index.html.erb within layouts/application (44.6ms)
Completed 200 OK in 610ms (Views: 594.6ms | ActiveRecord: 5.4ms)


Started GET "/assets/application.self-57016261d3e9f6c436db25104f8e2750e9952a84a41d6b484b5697d000a83a9e.css?body=1" for 127.0.0.1 at 2015-05-03 17:04:30 -0700


Started GET "/assets/paper/loader.self-1eed419a060917e63870baccb2b182a6e170a930df8c8bee6e3e2126bc275077.css?body=1" for 127.0.0.1 at 2015-05-03 17:04:30 -0700


Started GET "/assets/paper/bootswatch.self-daf6f6fa4969a329dd94807962d2d79ab27013d731bb88e1c8554fc47f997ca6.css?body=1" for 127.0.0.1 at 2015-05-03 17:04:30 -0700


Started GET "/assets/jquery_ujs.self-8e98a7a072a6cee1372d19fff9ff3e6aa1e39a37d89d6f06861637d061113ee7.js?body=1" for 127.0.0.1 at 2015-05-03 17:04:30 -0700


Started GET "/assets/twitter/bootstrap/transition.self-4a1f74ae1eb650ba5604877b0dc8fece7e2dc7ff2c15126f50d8cc09d5c59542.js?body=1" for 127.0.0.1 at 2015-05-03 17:04:30 -0700


Started GET "/assets/jquery.self-d03a5518f45df77341bdbe6201ba3bfa547ebba8ed64f0ea56bfa5f96ea7c074.js?body=1" for 127.0.0.1 at 2015-05-03 17:04:30 -0700


Started GET "/assets/twitter/bootstrap/alert.self-05b660026c9cc48ed9a736c17cf016c88fb5d9b039d39112ca5e2a5758c1704b.js?body=1" for 127.0.0.1 at 2015-05-03 17:04:30 -0700


Started GET "/assets/global.self-67d88146fdef3918b6ccb04a40228121b2ed31763a413d108b7ee95635712374.js?body=1" for 127.0.0.1 at 2015-05-03 17:04:30 -0700


Started GET "/assets/twitter/bootstrap/button.self-08ab85a1ab1fd1ca6c1801262e756fbb4df937261850c5d10c8bb8f109d30ba3.js?body=1" for 127.0.0.1 at 2015-05-03 17:04:30 -0700


Started GET "/assets/twitter/bootstrap/carousel.self-2b35b2f587541efae0276cfbae37f02da45a910c57ca8338ce3f4e1e897fa01e.js?body=1" for 127.0.0.1 at 2015-05-03 17:04:30 -0700


Started GET "/assets/twitter/bootstrap/collapse.self-b9dda8079e1384b270b442fdddfe30a4ccfa71f9531e821bbad10da44cc8e677.js?body=1" for 127.0.0.1 at 2015-05-03 17:04:30 -0700


Started GET "/assets/twitter/bootstrap/dropdown.self-6cbc06f31a68783970dc715fcb0b7daa4730fd0c3345c314b9544f301458ac3e.js?body=1" for 127.0.0.1 at 2015-05-03 17:04:30 -0700


Started GET "/assets/twitter/bootstrap/modal.self-e85eb6cc52baa4c73c1e86b83c7c3e9dda5c7d22d43274aa94af4a3c205b6c41.js?body=1" for 127.0.0.1 at 2015-05-03 17:04:30 -0700


Started GET "/assets/twitter/bootstrap/tooltip.self-ff71206d3394ca08f525a6df3b80bed71fd1574eb97314b90890f783931d4283.js?body=1" for 127.0.0.1 at 2015-05-03 17:04:30 -0700


Started GET "/assets/twitter/bootstrap/popover.self-cc7cd7c5956019e69d25658178e5709bdee8a13cf38e49ab46c83b50f86e49e1.js?body=1" for 127.0.0.1 at 2015-05-03 17:04:30 -0700


Started GET "/assets/twitter/bootstrap/scrollspy.self-0d847f2b4a4db9d75c0f094d571b56370ae3d98876d5417e1d175353377c0123.js?body=1" for 127.0.0.1 at 2015-05-03 17:04:30 -0700


Started GET "/assets/twitter/bootstrap/tab.self-1551f74624307ddd7471d08e644f686ecfd5420cd8862e1b816fd184dc6fc3b4.js?body=1" for 127.0.0.1 at 2015-05-03 17:04:30 -0700


Started GET "/assets/twitter/bootstrap/affix.self-e6330f082db3cc6476f32deb6d8ac23b2661a9118e5247dad9021bafb9be7564.js?body=1" for 127.0.0.1 at 2015-05-03 17:04:30 -0700


Started GET "/assets/paper/loader.self-17e5ca88421d0d6892502a23259dd1a84fbc9b9033f0881c7c967c35b4df5e5c.js?body=1" for 127.0.0.1 at 2015-05-03 17:04:30 -0700


Started GET "/assets/paper/bootswatch.self-23d1421f8b804379c2b12b1331447ce510eda4490792e6629e4a4c2467527efc.js?body=1" for 127.0.0.1 at 2015-05-03 17:04:30 -0700


Started GET "/assets/turbolinks.self-c37727e9bd6b2735da5c311aa83fead54ed0be6cc8bd9a65309e9c5abe2cbfff.js?body=1" for 127.0.0.1 at 2015-05-03 17:04:30 -0700


Started GET "/assets/application.self-7d7f4b4a5f84651d2fd3f3ac968ecfb82b7c76d48a8d98b4e2eddf2201f850b7.js?body=1" for 127.0.0.1 at 2015-05-03 17:04:30 -0700


Started POST "/todos.js" for 127.0.0.1 at 2015-05-03 17:04:34 -0700
Processing by TodosController#create as JS
  Parameters: {"utf8"=>"✓", "authenticity_token"=>"zY4Wx10PhuTAewtBACFmXO89pDF20fX9qJ4LGYt1kgniwLA5UB30boZT8TBD3FOkpFIuUFKeNiS3tyRl2E6Twg==", "item"=>{"name"=>"snaoehtusntahoeu"}, "commit"=>"Add"}
  [1m[36m (4.2ms)[0m  [1mBEGIN[0m
  [1m[35mSQL (2.8ms)[0m  INSERT INTO `items` (`name`, `created_at`, `updated_at`) VALUES ('snaoehtusntahoeu', '2015-05-04 00:04:34', '2015-05-04 00:04:34')
  [1m[36m (4.8ms)[0m  [1mCOMMIT[0m
  Rendered todos/_item.html.erb (2.2ms)
  Rendered todos/create.js.erb (4.3ms)
Completed 200 OK in 28ms (Views: 12.3ms | ActiveRecord: 11.8ms)


Started GET "/todos" for 127.0.0.1 at 2015-05-03 17:05:00 -0700
Processing by TodosController#index as HTML
  [1m[35mItem Load (4.7ms)[0m  SELECT `items`.* FROM `items`
  Rendered todos/_item.html.erb (5.5ms)
  Rendered todos/_item.html.erb (1.0ms)
  Rendered todos/_item.html.erb (0.6ms)
  Rendered todos/_item.html.erb (1.7ms)
  Rendered todos/index.html.erb within layouts/application (66.5ms)
Completed 200 OK in 489ms (Views: 475.1ms | ActiveRecord: 4.7ms)


Started GET "/assets/application.self-57016261d3e9f6c436db25104f8e2750e9952a84a41d6b484b5697d000a83a9e.css?body=1" for 127.0.0.1 at 2015-05-03 17:05:01 -0700


Started GET "/assets/paper/loader.self-1eed419a060917e63870baccb2b182a6e170a930df8c8bee6e3e2126bc275077.css?body=1" for 127.0.0.1 at 2015-05-03 17:05:01 -0700


Started GET "/assets/jquery.self-d03a5518f45df77341bdbe6201ba3bfa547ebba8ed64f0ea56bfa5f96ea7c074.js?body=1" for 127.0.0.1 at 2015-05-03 17:05:01 -0700


Started GET "/assets/jquery_ujs.self-8e98a7a072a6cee1372d19fff9ff3e6aa1e39a37d89d6f06861637d061113ee7.js?body=1" for 127.0.0.1 at 2015-05-03 17:05:01 -0700


Started GET "/assets/twitter/bootstrap/transition.self-4a1f74ae1eb650ba5604877b0dc8fece7e2dc7ff2c15126f50d8cc09d5c59542.js?body=1" for 127.0.0.1 at 2015-05-03 17:05:01 -0700


Started GET "/assets/paper/bootswatch.self-daf6f6fa4969a329dd94807962d2d79ab27013d731bb88e1c8554fc47f997ca6.css?body=1" for 127.0.0.1 at 2015-05-03 17:05:01 -0700


Started GET "/assets/twitter/bootstrap/alert.self-05b660026c9cc48ed9a736c17cf016c88fb5d9b039d39112ca5e2a5758c1704b.js?body=1" for 127.0.0.1 at 2015-05-03 17:05:01 -0700


Started GET "/assets/twitter/bootstrap/button.self-08ab85a1ab1fd1ca6c1801262e756fbb4df937261850c5d10c8bb8f109d30ba3.js?body=1" for 127.0.0.1 at 2015-05-03 17:05:01 -0700


Started GET "/assets/twitter/bootstrap/carousel.self-2b35b2f587541efae0276cfbae37f02da45a910c57ca8338ce3f4e1e897fa01e.js?body=1" for 127.0.0.1 at 2015-05-03 17:05:01 -0700


Started GET "/assets/twitter/bootstrap/collapse.self-b9dda8079e1384b270b442fdddfe30a4ccfa71f9531e821bbad10da44cc8e677.js?body=1" for 127.0.0.1 at 2015-05-03 17:05:01 -0700


Started GET "/assets/twitter/bootstrap/dropdown.self-6cbc06f31a68783970dc715fcb0b7daa4730fd0c3345c314b9544f301458ac3e.js?body=1" for 127.0.0.1 at 2015-05-03 17:05:01 -0700


Started GET "/assets/twitter/bootstrap/modal.self-e85eb6cc52baa4c73c1e86b83c7c3e9dda5c7d22d43274aa94af4a3c205b6c41.js?body=1" for 127.0.0.1 at 2015-05-03 17:05:01 -0700


Started GET "/assets/twitter/bootstrap/tooltip.self-ff71206d3394ca08f525a6df3b80bed71fd1574eb97314b90890f783931d4283.js?body=1" for 127.0.0.1 at 2015-05-03 17:05:01 -0700


Started GET "/assets/twitter/bootstrap/popover.self-cc7cd7c5956019e69d25658178e5709bdee8a13cf38e49ab46c83b50f86e49e1.js?body=1" for 127.0.0.1 at 2015-05-03 17:05:01 -0700


Started GET "/assets/twitter/bootstrap/scrollspy.self-0d847f2b4a4db9d75c0f094d571b56370ae3d98876d5417e1d175353377c0123.js?body=1" for 127.0.0.1 at 2015-05-03 17:05:01 -0700


Started GET "/assets/twitter/bootstrap/tab.self-1551f74624307ddd7471d08e644f686ecfd5420cd8862e1b816fd184dc6fc3b4.js?body=1" for 127.0.0.1 at 2015-05-03 17:05:01 -0700


Started GET "/assets/twitter/bootstrap/affix.self-e6330f082db3cc6476f32deb6d8ac23b2661a9118e5247dad9021bafb9be7564.js?body=1" for 127.0.0.1 at 2015-05-03 17:05:01 -0700


Started GET "/assets/paper/loader.self-17e5ca88421d0d6892502a23259dd1a84fbc9b9033f0881c7c967c35b4df5e5c.js?body=1" for 127.0.0.1 at 2015-05-03 17:05:01 -0700


Started GET "/assets/paper/bootswatch.self-23d1421f8b804379c2b12b1331447ce510eda4490792e6629e4a4c2467527efc.js?body=1" for 127.0.0.1 at 2015-05-03 17:05:01 -0700


Started GET "/assets/turbolinks.self-c37727e9bd6b2735da5c311aa83fead54ed0be6cc8bd9a65309e9c5abe2cbfff.js?body=1" for 127.0.0.1 at 2015-05-03 17:05:01 -0700


Started GET "/assets/global.self-67d88146fdef3918b6ccb04a40228121b2ed31763a413d108b7ee95635712374.js?body=1" for 127.0.0.1 at 2015-05-03 17:05:01 -0700


Started GET "/assets/application.self-7d7f4b4a5f84651d2fd3f3ac968ecfb82b7c76d48a8d98b4e2eddf2201f850b7.js?body=1" for 127.0.0.1 at 2015-05-03 17:05:01 -0700


Started POST "/todos.js" for 127.0.0.1 at 2015-05-03 17:05:05 -0700
Processing by TodosController#create as JS
  Parameters: {"utf8"=>"✓", "authenticity_token"=>"l2PryogsaY2EUDFPhdsVdo6l97AIVBd6nB1nWGnvqGS4LU00hT4bB8J4yz7GJiCOxcp90Swb1KODNEgkOtSprw==", "item"=>{"name"=>"nthaoesntua"}, "commit"=>"Add"}
  [1m[36m (1.6ms)[0m  [1mBEGIN[0m
  [1m[35mSQL (0.8ms)[0m  INSERT INTO `items` (`name`, `created_at`, `updated_at`) VALUES ('nthaoesntua', '2015-05-04 00:05:05', '2015-05-04 00:05:05')
  [1m[36m (1.2ms)[0m  [1mCOMMIT[0m
  Rendered todos/_item.html.erb (1.2ms)
  Rendered todos/create.js.erb (3.8ms)
Completed 200 OK in 21ms (Views: 13.3ms | ActiveRecord: 3.6ms)


Started POST "/todos.js" for 127.0.0.1 at 2015-05-03 17:05:07 -0700
Processing by TodosController#create as JS
  Parameters: {"utf8"=>"✓", "authenticity_token"=>"l2PryogsaY2EUDFPhdsVdo6l97AIVBd6nB1nWGnvqGS4LU00hT4bB8J4yz7GJiCOxcp90Swb1KODNEgkOtSprw==", "item"=>{"name"=>"aonethuansoeu"}, "commit"=>"Add"}
  [1m[35m (1.5ms)[0m  BEGIN
  [1m[36mSQL (3.5ms)[0m  [1mINSERT INTO `items` (`name`, `created_at`, `updated_at`) VALUES ('aonethuansoeu', '2015-05-04 00:05:07', '2015-05-04 00:05:07')[0m
  [1m[35m (5.3ms)[0m  COMMIT
  Rendered todos/_item.html.erb (0.3ms)
  Rendered todos/create.js.erb (2.2ms)
Completed 200 OK in 24ms (Views: 10.7ms | ActiveRecord: 10.3ms)


Started DELETE "/todos/9" for 127.0.0.1 at 2015-05-03 17:05:09 -0700
Processing by TodosController#destroy as JS
  Parameters: {"id"=>"9"}
  [1m[36mItem Load (3.9ms)[0m  [1mSELECT  `items`.* FROM `items` WHERE `items`.`id` = 9 LIMIT 1[0m
  [1m[35m (5.5ms)[0m  BEGIN
  [1m[36mSQL (3.8ms)[0m  [1mDELETE FROM `items` WHERE `items`.`id` = 9[0m
  [1m[35m (0.9ms)[0m  COMMIT
  Rendered todos/destroy.js.erb (0.1ms)
Completed 200 OK in 26ms (Views: 8.9ms | ActiveRecord: 14.0ms)


Started DELETE "/todos/7" for 127.0.0.1 at 2015-05-03 17:05:10 -0700
Processing by TodosController#destroy as JS
  Parameters: {"id"=>"7"}
  [1m[36mItem Load (6.7ms)[0m  [1mSELECT  `items`.* FROM `items` WHERE `items`.`id` = 7 LIMIT 1[0m
  [1m[35m (2.7ms)[0m  BEGIN
  [1m[36mSQL (5.5ms)[0m  [1mDELETE FROM `items` WHERE `items`.`id` = 7[0m
  [1m[35m (0.8ms)[0m  COMMIT
  Rendered todos/destroy.js.erb (0.0ms)
Completed 200 OK in 27ms (Views: 8.3ms | ActiveRecord: 15.7ms)


Started DELETE "/todos/4" for 127.0.0.1 at 2015-05-03 17:05:11 -0700
Processing by TodosController#destroy as JS
  Parameters: {"id"=>"4"}
  [1m[36mItem Load (7.2ms)[0m  [1mSELECT  `items`.* FROM `items` WHERE `items`.`id` = 4 LIMIT 1[0m
  [1m[35m (9.8ms)[0m  BEGIN
  [1m[36mSQL (2.7ms)[0m  [1mDELETE FROM `items` WHERE `items`.`id` = 4[0m
  [1m[35m (0.8ms)[0m  COMMIT
  Rendered todos/destroy.js.erb (0.1ms)
Completed 200 OK in 31ms (Views: 8.6ms | ActiveRecord: 20.6ms)


Started DELETE "/todos/8" for 127.0.0.1 at 2015-05-03 17:05:11 -0700
Processing by TodosController#destroy as JS
  Parameters: {"id"=>"8"}
  [1m[36mItem Load (2.9ms)[0m  [1mSELECT  `items`.* FROM `items` WHERE `items`.`id` = 8 LIMIT 1[0m
  [1m[35m (5.2ms)[0m  BEGIN
  [1m[36mSQL (3.1ms)[0m  [1mDELETE FROM `items` WHERE `items`.`id` = 8[0m
  [1m[35m (0.7ms)[0m  COMMIT
  Rendered todos/destroy.js.erb (0.1ms)
Completed 200 OK in 22ms (Views: 8.2ms | ActiveRecord: 11.9ms)


Started DELETE "/todos/10" for 127.0.0.1 at 2015-05-03 17:05:11 -0700
Processing by TodosController#destroy as JS
  Parameters: {"id"=>"10"}
  [1m[36mItem Load (3.5ms)[0m  [1mSELECT  `items`.* FROM `items` WHERE `items`.`id` = 10 LIMIT 1[0m
  [1m[35m (3.3ms)[0m  BEGIN
  [1m[36mSQL (5.2ms)[0m  [1mDELETE FROM `items` WHERE `items`.`id` = 10[0m
  [1m[35m (1.6ms)[0m  COMMIT
  Rendered todos/destroy.js.erb (0.0ms)
Completed 200 OK in 24ms (Views: 8.5ms | ActiveRecord: 13.5ms)


Started DELETE "/todos/11" for 127.0.0.1 at 2015-05-03 17:05:12 -0700
Processing by TodosController#destroy as JS
  Parameters: {"id"=>"11"}
  [1m[36mItem Load (6.4ms)[0m  [1mSELECT  `items`.* FROM `items` WHERE `items`.`id` = 11 LIMIT 1[0m
  [1m[35m (4.0ms)[0m  BEGIN
  [1m[36mSQL (5.9ms)[0m  [1mDELETE FROM `items` WHERE `items`.`id` = 11[0m
  [1m[35m (0.9ms)[0m  COMMIT
  Rendered todos/destroy.js.erb (0.0ms)
Completed 200 OK in 28ms (Views: 8.3ms | ActiveRecord: 17.3ms)


Started GET "/todos" for 127.0.0.1 at 2015-05-03 17:05:21 -0700
Processing by TodosController#index as HTML
  [1m[36mItem Load (4.4ms)[0m  [1mSELECT `items`.* FROM `items`[0m
  Rendered todos/index.html.erb within layouts/application (6.3ms)
Completed 200 OK in 352ms (Views: 346.8ms | ActiveRecord: 4.4ms)


Started GET "/assets/application.self-57016261d3e9f6c436db25104f8e2750e9952a84a41d6b484b5697d000a83a9e.css?body=1" for 127.0.0.1 at 2015-05-03 17:05:22 -0700


Started GET "/assets/paper/bootswatch.self-daf6f6fa4969a329dd94807962d2d79ab27013d731bb88e1c8554fc47f997ca6.css?body=1" for 127.0.0.1 at 2015-05-03 17:05:22 -0700


Started GET "/assets/paper/loader.self-1eed419a060917e63870baccb2b182a6e170a930df8c8bee6e3e2126bc275077.css?body=1" for 127.0.0.1 at 2015-05-03 17:05:22 -0700


Started GET "/assets/jquery.self-d03a5518f45df77341bdbe6201ba3bfa547ebba8ed64f0ea56bfa5f96ea7c074.js?body=1" for 127.0.0.1 at 2015-05-03 17:05:22 -0700


Started GET "/assets/twitter/bootstrap/transition.self-4a1f74ae1eb650ba5604877b0dc8fece7e2dc7ff2c15126f50d8cc09d5c59542.js?body=1" for 127.0.0.1 at 2015-05-03 17:05:22 -0700


Started GET "/assets/jquery_ujs.self-8e98a7a072a6cee1372d19fff9ff3e6aa1e39a37d89d6f06861637d061113ee7.js?body=1" for 127.0.0.1 at 2015-05-03 17:05:22 -0700


Started GET "/assets/twitter/bootstrap/alert.self-05b660026c9cc48ed9a736c17cf016c88fb5d9b039d39112ca5e2a5758c1704b.js?body=1" for 127.0.0.1 at 2015-05-03 17:05:22 -0700


Started GET "/assets/twitter/bootstrap/button.self-08ab85a1ab1fd1ca6c1801262e756fbb4df937261850c5d10c8bb8f109d30ba3.js?body=1" for 127.0.0.1 at 2015-05-03 17:05:22 -0700


Started GET "/assets/global.self-9c06fc02beb2f1c3019969630dae9632ea8af50bfa8019c4da072a3adf8cb12c.js?body=1" for 127.0.0.1 at 2015-05-03 17:05:22 -0700


Started GET "/assets/twitter/bootstrap/carousel.self-2b35b2f587541efae0276cfbae37f02da45a910c57ca8338ce3f4e1e897fa01e.js?body=1" for 127.0.0.1 at 2015-05-03 17:05:22 -0700


Started GET "/assets/twitter/bootstrap/collapse.self-b9dda8079e1384b270b442fdddfe30a4ccfa71f9531e821bbad10da44cc8e677.js?body=1" for 127.0.0.1 at 2015-05-03 17:05:22 -0700


Started GET "/assets/twitter/bootstrap/dropdown.self-6cbc06f31a68783970dc715fcb0b7daa4730fd0c3345c314b9544f301458ac3e.js?body=1" for 127.0.0.1 at 2015-05-03 17:05:22 -0700


Started GET "/assets/twitter/bootstrap/modal.self-e85eb6cc52baa4c73c1e86b83c7c3e9dda5c7d22d43274aa94af4a3c205b6c41.js?body=1" for 127.0.0.1 at 2015-05-03 17:05:22 -0700


Started GET "/assets/twitter/bootstrap/tooltip.self-ff71206d3394ca08f525a6df3b80bed71fd1574eb97314b90890f783931d4283.js?body=1" for 127.0.0.1 at 2015-05-03 17:05:22 -0700


Started GET "/assets/twitter/bootstrap/popover.self-cc7cd7c5956019e69d25658178e5709bdee8a13cf38e49ab46c83b50f86e49e1.js?body=1" for 127.0.0.1 at 2015-05-03 17:05:22 -0700


Started GET "/assets/twitter/bootstrap/scrollspy.self-0d847f2b4a4db9d75c0f094d571b56370ae3d98876d5417e1d175353377c0123.js?body=1" for 127.0.0.1 at 2015-05-03 17:05:22 -0700


Started GET "/assets/twitter/bootstrap/tab.self-1551f74624307ddd7471d08e644f686ecfd5420cd8862e1b816fd184dc6fc3b4.js?body=1" for 127.0.0.1 at 2015-05-03 17:05:22 -0700


Started GET "/assets/twitter/bootstrap/affix.self-e6330f082db3cc6476f32deb6d8ac23b2661a9118e5247dad9021bafb9be7564.js?body=1" for 127.0.0.1 at 2015-05-03 17:05:22 -0700


Started GET "/assets/paper/loader.self-17e5ca88421d0d6892502a23259dd1a84fbc9b9033f0881c7c967c35b4df5e5c.js?body=1" for 127.0.0.1 at 2015-05-03 17:05:22 -0700


Started GET "/assets/paper/bootswatch.self-23d1421f8b804379c2b12b1331447ce510eda4490792e6629e4a4c2467527efc.js?body=1" for 127.0.0.1 at 2015-05-03 17:05:22 -0700


Started GET "/assets/turbolinks.self-c37727e9bd6b2735da5c311aa83fead54ed0be6cc8bd9a65309e9c5abe2cbfff.js?body=1" for 127.0.0.1 at 2015-05-03 17:05:22 -0700


Started GET "/assets/application.self-7d7f4b4a5f84651d2fd3f3ac968ecfb82b7c76d48a8d98b4e2eddf2201f850b7.js?body=1" for 127.0.0.1 at 2015-05-03 17:05:22 -0700


Started POST "/todos.js" for 127.0.0.1 at 2015-05-03 17:05:26 -0700
Processing by TodosController#create as JS
  Parameters: {"utf8"=>"✓", "authenticity_token"=>"LnZakGJSp7pjnrAB7p8/4W1qFxSWkpN3gOsoYxcdU3cBOPxub0DVMCW2SnCtYgoZJgWddbLdUK6fwgcfRCZSvA==", "item"=>{"name"=>"anosethuatnoseu"}, "commit"=>"Add"}
  [1m[35m (1.8ms)[0m  BEGIN
  [1m[36mSQL (2.5ms)[0m  [1mINSERT INTO `items` (`name`, `created_at`, `updated_at`) VALUES ('anosethuatnoseu', '2015-05-04 00:05:26', '2015-05-04 00:05:26')[0m
  [1m[35m (5.0ms)[0m  COMMIT
  Rendered todos/_item.html.erb (0.3ms)
  Rendered todos/create.js.erb (2.8ms)
Completed 200 OK in 26ms (Views: 11.4ms | ActiveRecord: 9.3ms)


Started POST "/todos.js" for 127.0.0.1 at 2015-05-03 17:05:28 -0700
Processing by TodosController#create as JS
  Parameters: {"utf8"=>"✓", "authenticity_token"=>"LnZakGJSp7pjnrAB7p8/4W1qFxSWkpN3gOsoYxcdU3cBOPxub0DVMCW2SnCtYgoZJgWddbLdUK6fwgcfRCZSvA==", "item"=>{"name"=>"anoetusnatoeuh"}, "commit"=>"Add"}
  [1m[36m (4.6ms)[0m  [1mBEGIN[0m
  [1m[35mSQL (2.9ms)[0m  INSERT INTO `items` (`name`, `created_at`, `updated_at`) VALUES ('anoetusnatoeuh', '2015-05-04 00:05:28', '2015-05-04 00:05:28')
  [1m[36m (2.5ms)[0m  [1mCOMMIT[0m
  Rendered todos/_item.html.erb (0.3ms)
  Rendered todos/create.js.erb (2.4ms)
Completed 200 OK in 23ms (Views: 11.4ms | ActiveRecord: 9.9ms)


Started DELETE "/todos/13" for 127.0.0.1 at 2015-05-03 17:05:29 -0700
Processing by TodosController#destroy as JS
  Parameters: {"id"=>"13"}
  [1m[35mItem Load (2.1ms)[0m  SELECT  `items`.* FROM `items` WHERE `items`.`id` = 13 LIMIT 1
  [1m[36m (0.6ms)[0m  [1mBEGIN[0m
  [1m[35mSQL (1.8ms)[0m  DELETE FROM `items` WHERE `items`.`id` = 13
  [1m[36m (0.5ms)[0m  [1mCOMMIT[0m
  Rendered todos/destroy.js.erb (0.1ms)
Completed 200 OK in 66ms (Views: 10.6ms | ActiveRecord: 5.0ms)


Started DELETE "/todos/12" for 127.0.0.1 at 2015-05-03 17:05:29 -0700
Processing by TodosController#destroy as JS
  Parameters: {"id"=>"12"}
  [1m[35mItem Load (3.2ms)[0m  SELECT  `items`.* FROM `items` WHERE `items`.`id` = 12 LIMIT 1
  [1m[36m (5.5ms)[0m  [1mBEGIN[0m
  [1m[35mSQL (3.9ms)[0m  DELETE FROM `items` WHERE `items`.`id` = 12
  [1m[36m (1.1ms)[0m  [1mCOMMIT[0m
  Rendered todos/destroy.js.erb (0.0ms)
Completed 200 OK in 24ms (Views: 8.0ms | ActiveRecord: 13.7ms)


Started GET "/todos" for 127.0.0.1 at 2015-05-03 17:08:00 -0700
Processing by TodosController#index as HTML
  [1m[35mItem Load (1.7ms)[0m  SELECT `items`.* FROM `items`
  Rendered todos/index.html.erb within layouts/application (55.5ms)
Completed 200 OK in 580ms (Views: 566.2ms | ActiveRecord: 1.7ms)


Started GET "/assets/application.self-57016261d3e9f6c436db25104f8e2750e9952a84a41d6b484b5697d000a83a9e.css?body=1" for 127.0.0.1 at 2015-05-03 17:08:01 -0700


Started GET "/assets/jquery_ujs.self-8e98a7a072a6cee1372d19fff9ff3e6aa1e39a37d89d6f06861637d061113ee7.js?body=1" for 127.0.0.1 at 2015-05-03 17:08:01 -0700


Started GET "/assets/paper/bootswatch.self-daf6f6fa4969a329dd94807962d2d79ab27013d731bb88e1c8554fc47f997ca6.css?body=1" for 127.0.0.1 at 2015-05-03 17:08:01 -0700


Started GET "/assets/paper/loader.self-1eed419a060917e63870baccb2b182a6e170a930df8c8bee6e3e2126bc275077.css?body=1" for 127.0.0.1 at 2015-05-03 17:08:01 -0700


Started GET "/assets/jquery.self-d03a5518f45df77341bdbe6201ba3bfa547ebba8ed64f0ea56bfa5f96ea7c074.js?body=1" for 127.0.0.1 at 2015-05-03 17:08:01 -0700


Started GET "/assets/twitter/bootstrap/transition.self-4a1f74ae1eb650ba5604877b0dc8fece7e2dc7ff2c15126f50d8cc09d5c59542.js?body=1" for 127.0.0.1 at 2015-05-03 17:08:01 -0700


Started GET "/assets/twitter/bootstrap/alert.self-05b660026c9cc48ed9a736c17cf016c88fb5d9b039d39112ca5e2a5758c1704b.js?body=1" for 127.0.0.1 at 2015-05-03 17:08:01 -0700


Started GET "/assets/twitter/bootstrap/button.self-08ab85a1ab1fd1ca6c1801262e756fbb4df937261850c5d10c8bb8f109d30ba3.js?body=1" for 127.0.0.1 at 2015-05-03 17:08:01 -0700


Started GET "/assets/twitter/bootstrap/carousel.self-2b35b2f587541efae0276cfbae37f02da45a910c57ca8338ce3f4e1e897fa01e.js?body=1" for 127.0.0.1 at 2015-05-03 17:08:01 -0700


Started GET "/assets/twitter/bootstrap/collapse.self-b9dda8079e1384b270b442fdddfe30a4ccfa71f9531e821bbad10da44cc8e677.js?body=1" for 127.0.0.1 at 2015-05-03 17:08:01 -0700


Started GET "/assets/twitter/bootstrap/dropdown.self-6cbc06f31a68783970dc715fcb0b7daa4730fd0c3345c314b9544f301458ac3e.js?body=1" for 127.0.0.1 at 2015-05-03 17:08:01 -0700


Started GET "/assets/twitter/bootstrap/modal.self-e85eb6cc52baa4c73c1e86b83c7c3e9dda5c7d22d43274aa94af4a3c205b6c41.js?body=1" for 127.0.0.1 at 2015-05-03 17:08:01 -0700


Started GET "/assets/twitter/bootstrap/tooltip.self-ff71206d3394ca08f525a6df3b80bed71fd1574eb97314b90890f783931d4283.js?body=1" for 127.0.0.1 at 2015-05-03 17:08:01 -0700


Started GET "/assets/twitter/bootstrap/popover.self-cc7cd7c5956019e69d25658178e5709bdee8a13cf38e49ab46c83b50f86e49e1.js?body=1" for 127.0.0.1 at 2015-05-03 17:08:02 -0700


Started GET "/assets/twitter/bootstrap/scrollspy.self-0d847f2b4a4db9d75c0f094d571b56370ae3d98876d5417e1d175353377c0123.js?body=1" for 127.0.0.1 at 2015-05-03 17:08:02 -0700


Started GET "/assets/twitter/bootstrap/tab.self-1551f74624307ddd7471d08e644f686ecfd5420cd8862e1b816fd184dc6fc3b4.js?body=1" for 127.0.0.1 at 2015-05-03 17:08:02 -0700


Started GET "/assets/twitter/bootstrap/affix.self-e6330f082db3cc6476f32deb6d8ac23b2661a9118e5247dad9021bafb9be7564.js?body=1" for 127.0.0.1 at 2015-05-03 17:08:02 -0700


Started GET "/assets/paper/loader.self-17e5ca88421d0d6892502a23259dd1a84fbc9b9033f0881c7c967c35b4df5e5c.js?body=1" for 127.0.0.1 at 2015-05-03 17:08:02 -0700


Started GET "/assets/paper/bootswatch.self-23d1421f8b804379c2b12b1331447ce510eda4490792e6629e4a4c2467527efc.js?body=1" for 127.0.0.1 at 2015-05-03 17:08:02 -0700


Started GET "/assets/turbolinks.self-c37727e9bd6b2735da5c311aa83fead54ed0be6cc8bd9a65309e9c5abe2cbfff.js?body=1" for 127.0.0.1 at 2015-05-03 17:08:02 -0700


Started GET "/assets/global.self-9c06fc02beb2f1c3019969630dae9632ea8af50bfa8019c4da072a3adf8cb12c.js?body=1" for 127.0.0.1 at 2015-05-03 17:08:02 -0700


Started GET "/assets/application.self-7d7f4b4a5f84651d2fd3f3ac968ecfb82b7c76d48a8d98b4e2eddf2201f850b7.js?body=1" for 127.0.0.1 at 2015-05-03 17:08:02 -0700


Started GET "/todos" for 127.0.0.1 at 2015-05-03 17:11:25 -0700
Processing by TodosController#index as HTML
  [1m[36mItem Load (4.7ms)[0m  [1mSELECT `items`.* FROM `items`[0m
  Rendered todos/index.html.erb within layouts/application (177.6ms)
Completed 500 Internal Server Error in 261ms (ActiveRecord: 4.7ms)

ActionView::Template::Error (undefined local variable or method `none' for #<#<Class:0x007f9ccecdcbf8>:0x007f9cc4645448>):
    16:       </div>
    17:       <div class="panel-body">
    18:         <ul id="all-items" class="list-group">
    19:           <% empty_display = none; %>
    20:           <% if !@items.blank? %>
    21:             <% for item in @items %>
    22:               <%= render :partial => 'todos/item', :locals => {item: item} %>
  app/views/todos/index.html.erb:19:in `block in _app_views_todos_index_html_erb___619520249979921029_70155643253460'
  app/views/todos/index.html.erb:9:in `_app_views_todos_index_html_erb___619520249979921029_70155643253460'


  Rendered /Users/aronchick/.rvm/gems/ruby-2.2.1/gems/actionpack-4.2.1/lib/action_dispatch/middleware/templates/rescues/_source.erb (30.8ms)
  Rendered /Users/aronchick/.rvm/gems/ruby-2.2.1/gems/actionpack-4.2.1/lib/action_dispatch/middleware/templates/rescues/_trace.html.erb (2.6ms)
  Rendered /Users/aronchick/.rvm/gems/ruby-2.2.1/gems/actionpack-4.2.1/lib/action_dispatch/middleware/templates/rescues/_request_and_response.html.erb (0.9ms)
  Rendered /Users/aronchick/.rvm/gems/ruby-2.2.1/gems/actionpack-4.2.1/lib/action_dispatch/middleware/templates/rescues/template_error.html.erb within rescues/layout (79.5ms)
  Rendered /Users/aronchick/.rvm/gems/ruby-2.2.1/gems/web-console-2.1.2/lib/web_console/templates/_markup.html.erb (0.5ms)
  Rendered /Users/aronchick/.rvm/gems/ruby-2.2.1/gems/web-console-2.1.2/lib/web_console/templates/style.css.erb within layouts/inlined_string (0.3ms)
  Rendered /Users/aronchick/.rvm/gems/ruby-2.2.1/gems/web-console-2.1.2/lib/web_console/templates/_inner_console_markup.html.erb within layouts/inlined_string (0.3ms)
  Rendered /Users/aronchick/.rvm/gems/ruby-2.2.1/gems/web-console-2.1.2/lib/web_console/templates/_prompt_box_markup.html.erb within layouts/inlined_string (0.3ms)
  Rendered /Users/aronchick/.rvm/gems/ruby-2.2.1/gems/web-console-2.1.2/lib/web_console/templates/console.js.erb within layouts/javascript (43.3ms)
  Rendered /Users/aronchick/.rvm/gems/ruby-2.2.1/gems/web-console-2.1.2/lib/web_console/templates/main.js.erb within layouts/javascript (0.4ms)
  Rendered /Users/aronchick/.rvm/gems/ruby-2.2.1/gems/web-console-2.1.2/lib/web_console/templates/error_page.js.erb within layouts/javascript (0.4ms)
  Rendered /Users/aronchick/.rvm/gems/ruby-2.2.1/gems/web-console-2.1.2/lib/web_console/templates/index.html.erb (103.0ms)


Started GET "/todos" for 127.0.0.1 at 2015-05-03 17:11:37 -0700
Processing by TodosController#index as HTML
  [1m[35mItem Load (3.5ms)[0m  SELECT `items`.* FROM `items`
  Rendered todos/index.html.erb within layouts/application (19.6ms)
Completed 200 OK in 265ms (Views: 256.2ms | ActiveRecord: 3.5ms)


Started GET "/assets/application.self-57016261d3e9f6c436db25104f8e2750e9952a84a41d6b484b5697d000a83a9e.css?body=1" for 127.0.0.1 at 2015-05-03 17:11:38 -0700


Started GET "/assets/paper/loader.self-1eed419a060917e63870baccb2b182a6e170a930df8c8bee6e3e2126bc275077.css?body=1" for 127.0.0.1 at 2015-05-03 17:11:38 -0700


Started GET "/assets/jquery_ujs.self-8e98a7a072a6cee1372d19fff9ff3e6aa1e39a37d89d6f06861637d061113ee7.js?body=1" for 127.0.0.1 at 2015-05-03 17:11:38 -0700


Started GET "/assets/paper/bootswatch.self-daf6f6fa4969a329dd94807962d2d79ab27013d731bb88e1c8554fc47f997ca6.css?body=1" for 127.0.0.1 at 2015-05-03 17:11:38 -0700


Started GET "/assets/jquery.self-d03a5518f45df77341bdbe6201ba3bfa547ebba8ed64f0ea56bfa5f96ea7c074.js?body=1" for 127.0.0.1 at 2015-05-03 17:11:38 -0700


Started GET "/assets/twitter/bootstrap/transition.self-4a1f74ae1eb650ba5604877b0dc8fece7e2dc7ff2c15126f50d8cc09d5c59542.js?body=1" for 127.0.0.1 at 2015-05-03 17:11:38 -0700


Started GET "/assets/twitter/bootstrap/alert.self-05b660026c9cc48ed9a736c17cf016c88fb5d9b039d39112ca5e2a5758c1704b.js?body=1" for 127.0.0.1 at 2015-05-03 17:11:38 -0700


Started GET "/assets/twitter/bootstrap/button.self-08ab85a1ab1fd1ca6c1801262e756fbb4df937261850c5d10c8bb8f109d30ba3.js?body=1" for 127.0.0.1 at 2015-05-03 17:11:38 -0700


Started GET "/assets/twitter/bootstrap/carousel.self-2b35b2f587541efae0276cfbae37f02da45a910c57ca8338ce3f4e1e897fa01e.js?body=1" for 127.0.0.1 at 2015-05-03 17:11:38 -0700


Started GET "/assets/twitter/bootstrap/collapse.self-b9dda8079e1384b270b442fdddfe30a4ccfa71f9531e821bbad10da44cc8e677.js?body=1" for 127.0.0.1 at 2015-05-03 17:11:38 -0700


Started GET "/assets/twitter/bootstrap/dropdown.self-6cbc06f31a68783970dc715fcb0b7daa4730fd0c3345c314b9544f301458ac3e.js?body=1" for 127.0.0.1 at 2015-05-03 17:11:38 -0700


Started GET "/assets/twitter/bootstrap/modal.self-e85eb6cc52baa4c73c1e86b83c7c3e9dda5c7d22d43274aa94af4a3c205b6c41.js?body=1" for 127.0.0.1 at 2015-05-03 17:11:38 -0700


Started GET "/assets/twitter/bootstrap/tooltip.self-ff71206d3394ca08f525a6df3b80bed71fd1574eb97314b90890f783931d4283.js?body=1" for 127.0.0.1 at 2015-05-03 17:11:38 -0700


Started GET "/assets/twitter/bootstrap/popover.self-cc7cd7c5956019e69d25658178e5709bdee8a13cf38e49ab46c83b50f86e49e1.js?body=1" for 127.0.0.1 at 2015-05-03 17:11:38 -0700


Started GET "/assets/twitter/bootstrap/scrollspy.self-0d847f2b4a4db9d75c0f094d571b56370ae3d98876d5417e1d175353377c0123.js?body=1" for 127.0.0.1 at 2015-05-03 17:11:38 -0700


Started GET "/assets/twitter/bootstrap/tab.self-1551f74624307ddd7471d08e644f686ecfd5420cd8862e1b816fd184dc6fc3b4.js?body=1" for 127.0.0.1 at 2015-05-03 17:11:38 -0700


Started GET "/assets/twitter/bootstrap/affix.self-e6330f082db3cc6476f32deb6d8ac23b2661a9118e5247dad9021bafb9be7564.js?body=1" for 127.0.0.1 at 2015-05-03 17:11:38 -0700


Started GET "/assets/paper/loader.self-17e5ca88421d0d6892502a23259dd1a84fbc9b9033f0881c7c967c35b4df5e5c.js?body=1" for 127.0.0.1 at 2015-05-03 17:11:38 -0700


Started GET "/assets/paper/bootswatch.self-23d1421f8b804379c2b12b1331447ce510eda4490792e6629e4a4c2467527efc.js?body=1" for 127.0.0.1 at 2015-05-03 17:11:38 -0700


Started GET "/assets/turbolinks.self-c37727e9bd6b2735da5c311aa83fead54ed0be6cc8bd9a65309e9c5abe2cbfff.js?body=1" for 127.0.0.1 at 2015-05-03 17:11:38 -0700


Started GET "/assets/global.self-9c06fc02beb2f1c3019969630dae9632ea8af50bfa8019c4da072a3adf8cb12c.js?body=1" for 127.0.0.1 at 2015-05-03 17:11:38 -0700


Started GET "/assets/application.self-7d7f4b4a5f84651d2fd3f3ac968ecfb82b7c76d48a8d98b4e2eddf2201f850b7.js?body=1" for 127.0.0.1 at 2015-05-03 17:11:38 -0700


Started POST "/todos.js" for 127.0.0.1 at 2015-05-03 17:11:41 -0700
Processing by TodosController#create as JS
  Parameters: {"utf8"=>"✓", "authenticity_token"=>"11gNytYVMhNJnoDlnz804+Th5Hzn+w2hPA8AIhG24EX4Fqs02wdAmQ+2epTcwgEbr45uHcO0zngjJi9eQo3hjg==", "item"=>{"name"=>"aoeuaoeuao"}, "commit"=>"Add"}
  [1m[36m (1.0ms)[0m  [1mBEGIN[0m
  [1m[35mSQL (1.0ms)[0m  INSERT INTO `items` (`name`, `created_at`, `updated_at`) VALUES ('aoeuaoeuao', '2015-05-04 00:11:41', '2015-05-04 00:11:41')
  [1m[36m (0.6ms)[0m  [1mCOMMIT[0m
  Rendered todos/_item.html.erb (1.2ms)
  Rendered todos/create.js.erb (5.0ms)
Completed 200 OK in 23ms (Views: 13.6ms | ActiveRecord: 2.7ms)


Started DELETE "/todos/14" for 127.0.0.1 at 2015-05-03 17:11:42 -0700
Processing by TodosController#destroy as JS
  Parameters: {"id"=>"14"}
  [1m[35mItem Load (6.6ms)[0m  SELECT  `items`.* FROM `items` WHERE `items`.`id` = 14 LIMIT 1
  [1m[36m (2.8ms)[0m  [1mBEGIN[0m
  [1m[35mSQL (1.1ms)[0m  DELETE FROM `items` WHERE `items`.`id` = 14
  [1m[36m (1.3ms)[0m  [1mCOMMIT[0m
  Rendered todos/destroy.js.erb (0.0ms)
Completed 200 OK in 32ms (Views: 10.2ms | ActiveRecord: 11.7ms)


Started GET "/todos" for 127.0.0.1 at 2015-05-03 17:13:06 -0700
Processing by TodosController#index as HTML
  [1m[35mItem Load (6.4ms)[0m  SELECT `items`.* FROM `items`
  Rendered todos/index.html.erb within layouts/application (40.2ms)
Completed 200 OK in 589ms (Views: 575.9ms | ActiveRecord: 6.4ms)


Started GET "/assets/application.self-57016261d3e9f6c436db25104f8e2750e9952a84a41d6b484b5697d000a83a9e.css?body=1" for 127.0.0.1 at 2015-05-03 17:13:07 -0700


Started GET "/assets/paper/loader.self-1eed419a060917e63870baccb2b182a6e170a930df8c8bee6e3e2126bc275077.css?body=1" for 127.0.0.1 at 2015-05-03 17:13:07 -0700


Started GET "/assets/paper/bootswatch.self-daf6f6fa4969a329dd94807962d2d79ab27013d731bb88e1c8554fc47f997ca6.css?body=1" for 127.0.0.1 at 2015-05-03 17:13:07 -0700


Started GET "/assets/jquery_ujs.self-8e98a7a072a6cee1372d19fff9ff3e6aa1e39a37d89d6f06861637d061113ee7.js?body=1" for 127.0.0.1 at 2015-05-03 17:13:07 -0700


Started GET "/assets/jquery.self-d03a5518f45df77341bdbe6201ba3bfa547ebba8ed64f0ea56bfa5f96ea7c074.js?body=1" for 127.0.0.1 at 2015-05-03 17:13:07 -0700


Started GET "/assets/global.self-f8b788dea768f59f628118f6d164b947dfad121d50df6cf40ee1663f365d6fe2.js?body=1" for 127.0.0.1 at 2015-05-03 17:13:07 -0700


Started GET "/assets/twitter/bootstrap/transition.self-4a1f74ae1eb650ba5604877b0dc8fece7e2dc7ff2c15126f50d8cc09d5c59542.js?body=1" for 127.0.0.1 at 2015-05-03 17:13:07 -0700


Started GET "/assets/twitter/bootstrap/alert.self-05b660026c9cc48ed9a736c17cf016c88fb5d9b039d39112ca5e2a5758c1704b.js?body=1" for 127.0.0.1 at 2015-05-03 17:13:07 -0700


Started GET "/assets/twitter/bootstrap/button.self-08ab85a1ab1fd1ca6c1801262e756fbb4df937261850c5d10c8bb8f109d30ba3.js?body=1" for 127.0.0.1 at 2015-05-03 17:13:07 -0700


Started GET "/assets/twitter/bootstrap/carousel.self-2b35b2f587541efae0276cfbae37f02da45a910c57ca8338ce3f4e1e897fa01e.js?body=1" for 127.0.0.1 at 2015-05-03 17:13:07 -0700


Started GET "/assets/twitter/bootstrap/collapse.self-b9dda8079e1384b270b442fdddfe30a4ccfa71f9531e821bbad10da44cc8e677.js?body=1" for 127.0.0.1 at 2015-05-03 17:13:07 -0700


Started GET "/assets/twitter/bootstrap/dropdown.self-6cbc06f31a68783970dc715fcb0b7daa4730fd0c3345c314b9544f301458ac3e.js?body=1" for 127.0.0.1 at 2015-05-03 17:13:07 -0700


Started GET "/assets/twitter/bootstrap/modal.self-e85eb6cc52baa4c73c1e86b83c7c3e9dda5c7d22d43274aa94af4a3c205b6c41.js?body=1" for 127.0.0.1 at 2015-05-03 17:13:07 -0700


Started GET "/assets/twitter/bootstrap/tooltip.self-ff71206d3394ca08f525a6df3b80bed71fd1574eb97314b90890f783931d4283.js?body=1" for 127.0.0.1 at 2015-05-03 17:13:07 -0700


Started GET "/assets/twitter/bootstrap/popover.self-cc7cd7c5956019e69d25658178e5709bdee8a13cf38e49ab46c83b50f86e49e1.js?body=1" for 127.0.0.1 at 2015-05-03 17:13:07 -0700


Started GET "/assets/twitter/bootstrap/tab.self-1551f74624307ddd7471d08e644f686ecfd5420cd8862e1b816fd184dc6fc3b4.js?body=1" for 127.0.0.1 at 2015-05-03 17:13:07 -0700


Started GET "/assets/twitter/bootstrap/scrollspy.self-0d847f2b4a4db9d75c0f094d571b56370ae3d98876d5417e1d175353377c0123.js?body=1" for 127.0.0.1 at 2015-05-03 17:13:07 -0700


Started GET "/assets/twitter/bootstrap/affix.self-e6330f082db3cc6476f32deb6d8ac23b2661a9118e5247dad9021bafb9be7564.js?body=1" for 127.0.0.1 at 2015-05-03 17:13:07 -0700


Started GET "/assets/paper/loader.self-17e5ca88421d0d6892502a23259dd1a84fbc9b9033f0881c7c967c35b4df5e5c.js?body=1" for 127.0.0.1 at 2015-05-03 17:13:07 -0700


Started GET "/assets/paper/bootswatch.self-23d1421f8b804379c2b12b1331447ce510eda4490792e6629e4a4c2467527efc.js?body=1" for 127.0.0.1 at 2015-05-03 17:13:07 -0700


Started GET "/assets/turbolinks.self-c37727e9bd6b2735da5c311aa83fead54ed0be6cc8bd9a65309e9c5abe2cbfff.js?body=1" for 127.0.0.1 at 2015-05-03 17:13:07 -0700


Started GET "/assets/application.self-7d7f4b4a5f84651d2fd3f3ac968ecfb82b7c76d48a8d98b4e2eddf2201f850b7.js?body=1" for 127.0.0.1 at 2015-05-03 17:13:07 -0700


Started POST "/todos.js" for 127.0.0.1 at 2015-05-03 17:13:11 -0700
Processing by TodosController#create as JS
  Parameters: {"utf8"=>"✓", "authenticity_token"=>"yFJ8Uk5dnIy/jORQ4qzZ3e7yl7rq4x7drR/Jte0b9TDnHNqsQ0/uBvmkHiGhUewlpZ0d286s3QSyNubJviD0+w==", "item"=>{"name"=>"oaeuaoeua"}, "commit"=>"Add"}
  [1m[36m (0.8ms)[0m  [1mBEGIN[0m
  [1m[35mSQL (3.5ms)[0m  INSERT INTO `items` (`name`, `created_at`, `updated_at`) VALUES ('oaeuaoeua', '2015-05-04 00:13:11', '2015-05-04 00:13:11')
  [1m[36m (7.5ms)[0m  [1mCOMMIT[0m
  Rendered todos/_item.html.erb (0.5ms)
  Rendered todos/create.js.erb (3.4ms)
Completed 200 OK in 36ms (Views: 18.0ms | ActiveRecord: 11.8ms)


Started DELETE "/todos/15" for 127.0.0.1 at 2015-05-03 17:13:12 -0700
Processing by TodosController#destroy as JS
  Parameters: {"id"=>"15"}
  [1m[35mItem Load (12.0ms)[0m  SELECT  `items`.* FROM `items` WHERE `items`.`id` = 15 LIMIT 1
  [1m[36m (8.6ms)[0m  [1mBEGIN[0m
  [1m[35mSQL (1.0ms)[0m  DELETE FROM `items` WHERE `items`.`id` = 15
  [1m[36m (0.8ms)[0m  [1mCOMMIT[0m
  Rendered todos/destroy.js.erb (0.1ms)
Completed 200 OK in 40ms (Views: 14.1ms | ActiveRecord: 22.4ms)


Started POST "/todos.js" for 127.0.0.1 at 2015-05-03 17:13:15 -0700
Processing by TodosController#create as JS
  Parameters: {"utf8"=>"✓", "authenticity_token"=>"yFJ8Uk5dnIy/jORQ4qzZ3e7yl7rq4x7drR/Jte0b9TDnHNqsQ0/uBvmkHiGhUewlpZ0d286s3QSyNubJviD0+w==", "item"=>{"name"=>"anoetuhaenosu"}, "commit"=>"Add"}
  [1m[35m (0.8ms)[0m  BEGIN
  [1m[36mSQL (5.4ms)[0m  [1mINSERT INTO `items` (`name`, `created_at`, `updated_at`) VALUES ('anoetuhaenosu', '2015-05-04 00:13:15', '2015-05-04 00:13:15')[0m
  [1m[35m (3.8ms)[0m  COMMIT
  Rendered todos/_item.html.erb (0.3ms)
  Rendered todos/create.js.erb (4.6ms)
Completed 200 OK in 32ms (Views: 12.7ms | ActiveRecord: 10.0ms)


Started DELETE "/todos/16" for 127.0.0.1 at 2015-05-03 17:13:16 -0700
Processing by TodosController#destroy as JS
  Parameters: {"id"=>"16"}
  [1m[36mItem Load (3.3ms)[0m  [1mSELECT  `items`.* FROM `items` WHERE `items`.`id` = 16 LIMIT 1[0m
  [1m[35m (5.7ms)[0m  BEGIN
  [1m[36mSQL (3.8ms)[0m  [1mDELETE FROM `items` WHERE `items`.`id` = 16[0m
  [1m[35m (0.6ms)[0m  COMMIT
  Rendered todos/destroy.js.erb (0.1ms)
Completed 200 OK in 23ms (Views: 8.5ms | ActiveRecord: 13.5ms)


Started POST "/todos.js" for 127.0.0.1 at 2015-05-03 17:13:20 -0700
Processing by TodosController#create as JS
  Parameters: {"utf8"=>"✓", "authenticity_token"=>"yFJ8Uk5dnIy/jORQ4qzZ3e7yl7rq4x7drR/Jte0b9TDnHNqsQ0/uBvmkHiGhUewlpZ0d286s3QSyNubJviD0+w==", "item"=>{"name"=>"aonsehuasnotehuanou"}, "commit"=>"Add"}
  [1m[36m (4.4ms)[0m  [1mBEGIN[0m
  [1m[35mSQL (3.5ms)[0m  INSERT INTO `items` (`name`, `created_at`, `updated_at`) VALUES ('aonsehuasnotehuanou', '2015-05-04 00:13:20', '2015-05-04 00:13:20')
  [1m[36m (5.1ms)[0m  [1mCOMMIT[0m
  Rendered todos/_item.html.erb (0.3ms)
  Rendered todos/create.js.erb (2.5ms)
Completed 200 OK in 25ms (Views: 10.2ms | ActiveRecord: 13.0ms)


Started POST "/todos.js" for 127.0.0.1 at 2015-05-03 17:13:21 -0700
Processing by TodosController#create as JS
  Parameters: {"utf8"=>"✓", "authenticity_token"=>"yFJ8Uk5dnIy/jORQ4qzZ3e7yl7rq4x7drR/Jte0b9TDnHNqsQ0/uBvmkHiGhUewlpZ0d286s3QSyNubJviD0+w==", "item"=>{"name"=>"aoeuaoeu"}, "commit"=>"Add"}
  [1m[35m (1.6ms)[0m  BEGIN
  [1m[36mSQL (0.6ms)[0m  [1mINSERT INTO `items` (`name`, `created_at`, `updated_at`) VALUES ('aoeuaoeu', '2015-05-04 00:13:21', '2015-05-04 00:13:21')[0m
  [1m[35m (5.1ms)[0m  COMMIT
  Rendered todos/_item.html.erb (0.5ms)
  Rendered todos/create.js.erb (2.4ms)
Completed 200 OK in 21ms (Views: 10.9ms | ActiveRecord: 7.3ms)


Started DELETE "/todos/18" for 127.0.0.1 at 2015-05-03 17:13:23 -0700
Processing by TodosController#destroy as JS
  Parameters: {"id"=>"18"}
  [1m[36mItem Load (3.8ms)[0m  [1mSELECT  `items`.* FROM `items` WHERE `items`.`id` = 18 LIMIT 1[0m
  [1m[35m (3.8ms)[0m  BEGIN
  [1m[36mSQL (5.6ms)[0m  [1mDELETE FROM `items` WHERE `items`.`id` = 18[0m
  [1m[35m (0.6ms)[0m  COMMIT
  Rendered todos/destroy.js.erb (0.0ms)
Completed 200 OK in 25ms (Views: 8.9ms | ActiveRecord: 13.8ms)


Started DELETE "/todos/17" for 127.0.0.1 at 2015-05-03 17:13:24 -0700
Processing by TodosController#destroy as JS
  Parameters: {"id"=>"17"}
  [1m[36mItem Load (3.3ms)[0m  [1mSELECT  `items`.* FROM `items` WHERE `items`.`id` = 17 LIMIT 1[0m
  [1m[35m (5.6ms)[0m  BEGIN
  [1m[36mSQL (9.3ms)[0m  [1mDELETE FROM `items` WHERE `items`.`id` = 17[0m
  [1m[35m (0.6ms)[0m  COMMIT
  Rendered todos/destroy.js.erb (0.1ms)
Completed 200 OK in 29ms (Views: 8.8ms | ActiveRecord: 18.9ms)
